Determining if files byteswap.h exist failed with the following output:
Change Dir: C:/hlocal/Proyecto3/ProyectoBasico/Dependencies/Ogre/Build/ZZIPlib-master/CMakeFiles/CMakeTmp

Run Build Command:"C:/Program Files (x86)/MSBuild/12.0/bin/MSBuild.exe" "cmTC_562d9.vcxproj" "/p:Configuration=Debug" "/p:VisualStudioVersion=12.0"
Microsoft (R) Build Engine, versión 12.0.40629.0
[Microsoft .NET Framework, versión 4.0.30319.42000]
Copyright (C) Microsoft Corporation. Todos los derechos reservados.

Compilación iniciada a las 21/02/2018 17:19:32.
Proyecto "C:\hlocal\Proyecto3\ProyectoBasico\Dependencies\Ogre\Build\ZZIPlib-master\CMakeFiles\CMakeTmp\cmTC_562d9.vcxproj" en nodo 1 (destinos predeterminados).
PrepareForBuild:
  Creando directorio "cmTC_562d9.dir\Debug\".
  Creando directorio "C:\hlocal\Proyecto3\ProyectoBasico\Dependencies\Ogre\Build\ZZIPlib-master\CMakeFiles\CMakeTmp\Debug\".
  Creando directorio "cmTC_562d9.dir\Debug\cmTC_562d9.tlog\".
InitializeBuildStatus:
  Se creará "cmTC_562d9.dir\Debug\cmTC_562d9.tlog\unsuccessfulbuild" porque se especificó "AlwaysCreate".
ClCompile:
  C:\software\programacion\MSVStudio2013\VC\bin\CL.exe /c /Zi /W3 /WX- /Od /Ob0 /Oy- /D WIN32 /D _WINDOWS /D "CMAKE_INTDIR=\"Debug\"" /D _MBCS /Gm- /RTC1 /MDd /GS /fp:precise /Zc:wchar_t /Zc:forScope /Fo"cmTC_562d9.dir\Debug\\" /Fd"cmTC_562d9.dir\Debug\vc120.pdb" /Gd /TC /analyze- /errorReport:queue "C:\hlocal\Proyecto3\ProyectoBasico\Dependencies\Ogre\Build\ZZIPlib-master\CMakeFiles\CMakeTmp\CheckIncludeFiles.c"
  Compilador de optimización de C/C++ de Microsoft (R) versión 18.00.40629 para x86
  (C) Microsoft Corporation. Reservados todos los derechos.
  
  cl /c /Zi /W3 /WX- /Od /Ob0 /Oy- /D WIN32 /D _WINDOWS /D "CMAKE_INTDIR=\"Debug\"" /D _MBCS /Gm- /RTC1 /MDd /GS /fp:precise /Zc:wchar_t /Zc:forScope /Fo"cmTC_562d9.dir\Debug\\" /Fd"cmTC_562d9.dir\Debug\vc120.pdb" /Gd /TC /analyze- /errorReport:queue "C:\hlocal\Proyecto3\ProyectoBasico\Dependencies\Ogre\Build\ZZIPlib-master\CMakeFiles\CMakeTmp\CheckIncludeFiles.c"
  CheckIncludeFiles.c
  
C:\hlocal\Proyecto3\ProyectoBasico\Dependencies\Ogre\Build\ZZIPlib-master\CMakeFiles\CMakeTmp\CheckIncludeFiles.c(2): fatal error C1083: No se puede abrir el archivo incluir: 'byteswap.h': No such file or directory [C:\hlocal\Proyecto3\ProyectoBasico\Dependencies\Ogre\Build\ZZIPlib-master\CMakeFiles\CMakeTmp\cmTC_562d9.vcxproj]
Compilación del proyecto terminada "C:\hlocal\Proyecto3\ProyectoBasico\Dependencies\Ogre\Build\ZZIPlib-master\CMakeFiles\CMakeTmp\cmTC_562d9.vcxproj" (destinos predeterminados) -- ERROR.

ERROR al compilar.

"C:\hlocal\Proyecto3\ProyectoBasico\Dependencies\Ogre\Build\ZZIPlib-master\CMakeFiles\CMakeTmp\cmTC_562d9.vcxproj" (destino predeterminado) (1) ->
(ClCompile destino) -> 
  C:\hlocal\Proyecto3\ProyectoBasico\Dependencies\Ogre\Build\ZZIPlib-master\CMakeFiles\CMakeTmp\CheckIncludeFiles.c(2): fatal error C1083: No se puede abrir el archivo incluir: 'byteswap.h': No such file or directory [C:\hlocal\Proyecto3\ProyectoBasico\Dependencies\Ogre\Build\ZZIPlib-master\CMakeFiles\CMakeTmp\cmTC_562d9.vcxproj]

    0 Advertencia(s)
    1 Errores

Tiempo transcurrido 00:00:00.71

Source:
/* */
#include <byteswap.h>


int main(void){return 0;}

Determining if files dirent.h exist failed with the following output:
Change Dir: C:/hlocal/Proyecto3/ProyectoBasico/Dependencies/Ogre/Build/ZZIPlib-master/CMakeFiles/CMakeTmp

Run Build Command:"C:/Program Files (x86)/MSBuild/12.0/bin/MSBuild.exe" "cmTC_46cda.vcxproj" "/p:Configuration=Debug" "/p:VisualStudioVersion=12.0"
Microsoft (R) Build Engine, versión 12.0.40629.0
[Microsoft .NET Framework, versión 4.0.30319.42000]
Copyright (C) Microsoft Corporation. Todos los derechos reservados.

Compilación iniciada a las 21/02/2018 17:19:35.
Proyecto "C:\hlocal\Proyecto3\ProyectoBasico\Dependencies\Ogre\Build\ZZIPlib-master\CMakeFiles\CMakeTmp\cmTC_46cda.vcxproj" en nodo 1 (destinos predeterminados).
PrepareForBuild:
  Creando directorio "cmTC_46cda.dir\Debug\".
  Creando directorio "C:\hlocal\Proyecto3\ProyectoBasico\Dependencies\Ogre\Build\ZZIPlib-master\CMakeFiles\CMakeTmp\Debug\".
  Creando directorio "cmTC_46cda.dir\Debug\cmTC_46cda.tlog\".
InitializeBuildStatus:
  Se creará "cmTC_46cda.dir\Debug\cmTC_46cda.tlog\unsuccessfulbuild" porque se especificó "AlwaysCreate".
ClCompile:
  C:\software\programacion\MSVStudio2013\VC\bin\CL.exe /c /Zi /W3 /WX- /Od /Ob0 /Oy- /D WIN32 /D _WINDOWS /D "CMAKE_INTDIR=\"Debug\"" /D _MBCS /Gm- /RTC1 /MDd /GS /fp:precise /Zc:wchar_t /Zc:forScope /Fo"cmTC_46cda.dir\Debug\\" /Fd"cmTC_46cda.dir\Debug\vc120.pdb" /Gd /TC /analyze- /errorReport:queue "C:\hlocal\Proyecto3\ProyectoBasico\Dependencies\Ogre\Build\ZZIPlib-master\CMakeFiles\CMakeTmp\CheckIncludeFiles.c"
  Compilador de optimización de C/C++ de Microsoft (R) versión 18.00.40629 para x86
  (C) Microsoft Corporation. Reservados todos los derechos.
  
  cl /c /Zi /W3 /WX- /Od /Ob0 /Oy- /D WIN32 /D _WINDOWS /D "CMAKE_INTDIR=\"Debug\"" /D _MBCS /Gm- /RTC1 /MDd /GS /fp:precise /Zc:wchar_t /Zc:forScope /Fo"cmTC_46cda.dir\Debug\\" /Fd"cmTC_46cda.dir\Debug\vc120.pdb" /Gd /TC /analyze- /errorReport:queue "C:\hlocal\Proyecto3\ProyectoBasico\Dependencies\Ogre\Build\ZZIPlib-master\CMakeFiles\CMakeTmp\CheckIncludeFiles.c"
  CheckIncludeFiles.c
  
C:\hlocal\Proyecto3\ProyectoBasico\Dependencies\Ogre\Build\ZZIPlib-master\CMakeFiles\CMakeTmp\CheckIncludeFiles.c(2): fatal error C1083: No se puede abrir el archivo incluir: 'dirent.h': No such file or directory [C:\hlocal\Proyecto3\ProyectoBasico\Dependencies\Ogre\Build\ZZIPlib-master\CMakeFiles\CMakeTmp\cmTC_46cda.vcxproj]
Compilación del proyecto terminada "C:\hlocal\Proyecto3\ProyectoBasico\Dependencies\Ogre\Build\ZZIPlib-master\CMakeFiles\CMakeTmp\cmTC_46cda.vcxproj" (destinos predeterminados) -- ERROR.

ERROR al compilar.

"C:\hlocal\Proyecto3\ProyectoBasico\Dependencies\Ogre\Build\ZZIPlib-master\CMakeFiles\CMakeTmp\cmTC_46cda.vcxproj" (destino predeterminado) (1) ->
(ClCompile destino) -> 
  C:\hlocal\Proyecto3\ProyectoBasico\Dependencies\Ogre\Build\ZZIPlib-master\CMakeFiles\CMakeTmp\CheckIncludeFiles.c(2): fatal error C1083: No se puede abrir el archivo incluir: 'dirent.h': No such file or directory [C:\hlocal\Proyecto3\ProyectoBasico\Dependencies\Ogre\Build\ZZIPlib-master\CMakeFiles\CMakeTmp\cmTC_46cda.vcxproj]

    0 Advertencia(s)
    1 Errores

Tiempo transcurrido 00:00:00.58

Source:
/* */
#include <dirent.h>


int main(void){return 0;}

Determining if files dlfcn.h exist failed with the following output:
Change Dir: C:/hlocal/Proyecto3/ProyectoBasico/Dependencies/Ogre/Build/ZZIPlib-master/CMakeFiles/CMakeTmp

Run Build Command:"C:/Program Files (x86)/MSBuild/12.0/bin/MSBuild.exe" "cmTC_38d05.vcxproj" "/p:Configuration=Debug" "/p:VisualStudioVersion=12.0"
Microsoft (R) Build Engine, versión 12.0.40629.0
[Microsoft .NET Framework, versión 4.0.30319.42000]
Copyright (C) Microsoft Corporation. Todos los derechos reservados.

Compilación iniciada a las 21/02/2018 17:19:36.
Proyecto "C:\hlocal\Proyecto3\ProyectoBasico\Dependencies\Ogre\Build\ZZIPlib-master\CMakeFiles\CMakeTmp\cmTC_38d05.vcxproj" en nodo 1 (destinos predeterminados).
PrepareForBuild:
  Creando directorio "cmTC_38d05.dir\Debug\".
  Creando directorio "C:\hlocal\Proyecto3\ProyectoBasico\Dependencies\Ogre\Build\ZZIPlib-master\CMakeFiles\CMakeTmp\Debug\".
  Creando directorio "cmTC_38d05.dir\Debug\cmTC_38d05.tlog\".
InitializeBuildStatus:
  Se creará "cmTC_38d05.dir\Debug\cmTC_38d05.tlog\unsuccessfulbuild" porque se especificó "AlwaysCreate".
ClCompile:
  C:\software\programacion\MSVStudio2013\VC\bin\CL.exe /c /Zi /W3 /WX- /Od /Ob0 /Oy- /D WIN32 /D _WINDOWS /D "CMAKE_INTDIR=\"Debug\"" /D _MBCS /Gm- /RTC1 /MDd /GS /fp:precise /Zc:wchar_t /Zc:forScope /Fo"cmTC_38d05.dir\Debug\\" /Fd"cmTC_38d05.dir\Debug\vc120.pdb" /Gd /TC /analyze- /errorReport:queue "C:\hlocal\Proyecto3\ProyectoBasico\Dependencies\Ogre\Build\ZZIPlib-master\CMakeFiles\CMakeTmp\CheckIncludeFiles.c"
  Compilador de optimización de C/C++ de Microsoft (R) versión 18.00.40629 para x86
  (C) Microsoft Corporation. Reservados todos los derechos.
  
  cl /c /Zi /W3 /WX- /Od /Ob0 /Oy- /D WIN32 /D _WINDOWS /D "CMAKE_INTDIR=\"Debug\"" /D _MBCS /Gm- /RTC1 /MDd /GS /fp:precise /Zc:wchar_t /Zc:forScope /Fo"cmTC_38d05.dir\Debug\\" /Fd"cmTC_38d05.dir\Debug\vc120.pdb" /Gd /TC /analyze- /errorReport:queue "C:\hlocal\Proyecto3\ProyectoBasico\Dependencies\Ogre\Build\ZZIPlib-master\CMakeFiles\CMakeTmp\CheckIncludeFiles.c"
  CheckIncludeFiles.c
  
C:\hlocal\Proyecto3\ProyectoBasico\Dependencies\Ogre\Build\ZZIPlib-master\CMakeFiles\CMakeTmp\CheckIncludeFiles.c(2): fatal error C1083: No se puede abrir el archivo incluir: 'dlfcn.h': No such file or directory [C:\hlocal\Proyecto3\ProyectoBasico\Dependencies\Ogre\Build\ZZIPlib-master\CMakeFiles\CMakeTmp\cmTC_38d05.vcxproj]
Compilación del proyecto terminada "C:\hlocal\Proyecto3\ProyectoBasico\Dependencies\Ogre\Build\ZZIPlib-master\CMakeFiles\CMakeTmp\cmTC_38d05.vcxproj" (destinos predeterminados) -- ERROR.

ERROR al compilar.

"C:\hlocal\Proyecto3\ProyectoBasico\Dependencies\Ogre\Build\ZZIPlib-master\CMakeFiles\CMakeTmp\cmTC_38d05.vcxproj" (destino predeterminado) (1) ->
(ClCompile destino) -> 
  C:\hlocal\Proyecto3\ProyectoBasico\Dependencies\Ogre\Build\ZZIPlib-master\CMakeFiles\CMakeTmp\CheckIncludeFiles.c(2): fatal error C1083: No se puede abrir el archivo incluir: 'dlfcn.h': No such file or directory [C:\hlocal\Proyecto3\ProyectoBasico\Dependencies\Ogre\Build\ZZIPlib-master\CMakeFiles\CMakeTmp\cmTC_38d05.vcxproj]

    0 Advertencia(s)
    1 Errores

Tiempo transcurrido 00:00:00.70

Source:
/* */
#include <dlfcn.h>


int main(void){return 0;}

Determining if files fnmatch.h exist failed with the following output:
Change Dir: C:/hlocal/Proyecto3/ProyectoBasico/Dependencies/Ogre/Build/ZZIPlib-master/CMakeFiles/CMakeTmp

Run Build Command:"C:/Program Files (x86)/MSBuild/12.0/bin/MSBuild.exe" "cmTC_cc50f.vcxproj" "/p:Configuration=Debug" "/p:VisualStudioVersion=12.0"
Microsoft (R) Build Engine, versión 12.0.40629.0
[Microsoft .NET Framework, versión 4.0.30319.42000]
Copyright (C) Microsoft Corporation. Todos los derechos reservados.

Compilación iniciada a las 21/02/2018 17:19:37.
Proyecto "C:\hlocal\Proyecto3\ProyectoBasico\Dependencies\Ogre\Build\ZZIPlib-master\CMakeFiles\CMakeTmp\cmTC_cc50f.vcxproj" en nodo 1 (destinos predeterminados).
PrepareForBuild:
  Creando directorio "cmTC_cc50f.dir\Debug\".
  Creando directorio "C:\hlocal\Proyecto3\ProyectoBasico\Dependencies\Ogre\Build\ZZIPlib-master\CMakeFiles\CMakeTmp\Debug\".
  Creando directorio "cmTC_cc50f.dir\Debug\cmTC_cc50f.tlog\".
InitializeBuildStatus:
  Se creará "cmTC_cc50f.dir\Debug\cmTC_cc50f.tlog\unsuccessfulbuild" porque se especificó "AlwaysCreate".
ClCompile:
  C:\software\programacion\MSVStudio2013\VC\bin\CL.exe /c /Zi /W3 /WX- /Od /Ob0 /Oy- /D WIN32 /D _WINDOWS /D "CMAKE_INTDIR=\"Debug\"" /D _MBCS /Gm- /RTC1 /MDd /GS /fp:precise /Zc:wchar_t /Zc:forScope /Fo"cmTC_cc50f.dir\Debug\\" /Fd"cmTC_cc50f.dir\Debug\vc120.pdb" /Gd /TC /analyze- /errorReport:queue "C:\hlocal\Proyecto3\ProyectoBasico\Dependencies\Ogre\Build\ZZIPlib-master\CMakeFiles\CMakeTmp\CheckIncludeFiles.c"
  Compilador de optimización de C/C++ de Microsoft (R) versión 18.00.40629 para x86
  (C) Microsoft Corporation. Reservados todos los derechos.
  
  cl /c /Zi /W3 /WX- /Od /Ob0 /Oy- /D WIN32 /D _WINDOWS /D "CMAKE_INTDIR=\"Debug\"" /D _MBCS /Gm- /RTC1 /MDd /GS /fp:precise /Zc:wchar_t /Zc:forScope /Fo"cmTC_cc50f.dir\Debug\\" /Fd"cmTC_cc50f.dir\Debug\vc120.pdb" /Gd /TC /analyze- /errorReport:queue "C:\hlocal\Proyecto3\ProyectoBasico\Dependencies\Ogre\Build\ZZIPlib-master\CMakeFiles\CMakeTmp\CheckIncludeFiles.c"
  CheckIncludeFiles.c
  
C:\hlocal\Proyecto3\ProyectoBasico\Dependencies\Ogre\Build\ZZIPlib-master\CMakeFiles\CMakeTmp\CheckIncludeFiles.c(2): fatal error C1083: No se puede abrir el archivo incluir: 'fnmatch.h': No such file or directory [C:\hlocal\Proyecto3\ProyectoBasico\Dependencies\Ogre\Build\ZZIPlib-master\CMakeFiles\CMakeTmp\cmTC_cc50f.vcxproj]
Compilación del proyecto terminada "C:\hlocal\Proyecto3\ProyectoBasico\Dependencies\Ogre\Build\ZZIPlib-master\CMakeFiles\CMakeTmp\cmTC_cc50f.vcxproj" (destinos predeterminados) -- ERROR.

ERROR al compilar.

"C:\hlocal\Proyecto3\ProyectoBasico\Dependencies\Ogre\Build\ZZIPlib-master\CMakeFiles\CMakeTmp\cmTC_cc50f.vcxproj" (destino predeterminado) (1) ->
(ClCompile destino) -> 
  C:\hlocal\Proyecto3\ProyectoBasico\Dependencies\Ogre\Build\ZZIPlib-master\CMakeFiles\CMakeTmp\CheckIncludeFiles.c(2): fatal error C1083: No se puede abrir el archivo incluir: 'fnmatch.h': No such file or directory [C:\hlocal\Proyecto3\ProyectoBasico\Dependencies\Ogre\Build\ZZIPlib-master\CMakeFiles\CMakeTmp\cmTC_cc50f.vcxproj]

    0 Advertencia(s)
    1 Errores

Tiempo transcurrido 00:00:00.58

Source:
/* */
#include <fnmatch.h>


int main(void){return 0;}

Determining if files ndir.h exist failed with the following output:
Change Dir: C:/hlocal/Proyecto3/ProyectoBasico/Dependencies/Ogre/Build/ZZIPlib-master/CMakeFiles/CMakeTmp

Run Build Command:"C:/Program Files (x86)/MSBuild/12.0/bin/MSBuild.exe" "cmTC_f12dd.vcxproj" "/p:Configuration=Debug" "/p:VisualStudioVersion=12.0"
Microsoft (R) Build Engine, versión 12.0.40629.0
[Microsoft .NET Framework, versión 4.0.30319.42000]
Copyright (C) Microsoft Corporation. Todos los derechos reservados.

Compilación iniciada a las 21/02/2018 17:19:42.
Proyecto "C:\hlocal\Proyecto3\ProyectoBasico\Dependencies\Ogre\Build\ZZIPlib-master\CMakeFiles\CMakeTmp\cmTC_f12dd.vcxproj" en nodo 1 (destinos predeterminados).
PrepareForBuild:
  Creando directorio "cmTC_f12dd.dir\Debug\".
  Creando directorio "C:\hlocal\Proyecto3\ProyectoBasico\Dependencies\Ogre\Build\ZZIPlib-master\CMakeFiles\CMakeTmp\Debug\".
  Creando directorio "cmTC_f12dd.dir\Debug\cmTC_f12dd.tlog\".
InitializeBuildStatus:
  Se creará "cmTC_f12dd.dir\Debug\cmTC_f12dd.tlog\unsuccessfulbuild" porque se especificó "AlwaysCreate".
ClCompile:
  C:\software\programacion\MSVStudio2013\VC\bin\CL.exe /c /Zi /W3 /WX- /Od /Ob0 /Oy- /D WIN32 /D _WINDOWS /D "CMAKE_INTDIR=\"Debug\"" /D _MBCS /Gm- /RTC1 /MDd /GS /fp:precise /Zc:wchar_t /Zc:forScope /Fo"cmTC_f12dd.dir\Debug\\" /Fd"cmTC_f12dd.dir\Debug\vc120.pdb" /Gd /TC /analyze- /errorReport:queue "C:\hlocal\Proyecto3\ProyectoBasico\Dependencies\Ogre\Build\ZZIPlib-master\CMakeFiles\CMakeTmp\CheckIncludeFiles.c"
  Compilador de optimización de C/C++ de Microsoft (R) versión 18.00.40629 para x86
  (C) Microsoft Corporation. Reservados todos los derechos.
  
  cl /c /Zi /W3 /WX- /Od /Ob0 /Oy- /D WIN32 /D _WINDOWS /D "CMAKE_INTDIR=\"Debug\"" /D _MBCS /Gm- /RTC1 /MDd /GS /fp:precise /Zc:wchar_t /Zc:forScope /Fo"cmTC_f12dd.dir\Debug\\" /Fd"cmTC_f12dd.dir\Debug\vc120.pdb" /Gd /TC /analyze- /errorReport:queue "C:\hlocal\Proyecto3\ProyectoBasico\Dependencies\Ogre\Build\ZZIPlib-master\CMakeFiles\CMakeTmp\CheckIncludeFiles.c"
  CheckIncludeFiles.c
  
C:\hlocal\Proyecto3\ProyectoBasico\Dependencies\Ogre\Build\ZZIPlib-master\CMakeFiles\CMakeTmp\CheckIncludeFiles.c(2): fatal error C1083: No se puede abrir el archivo incluir: 'ndir.h': No such file or directory [C:\hlocal\Proyecto3\ProyectoBasico\Dependencies\Ogre\Build\ZZIPlib-master\CMakeFiles\CMakeTmp\cmTC_f12dd.vcxproj]
Compilación del proyecto terminada "C:\hlocal\Proyecto3\ProyectoBasico\Dependencies\Ogre\Build\ZZIPlib-master\CMakeFiles\CMakeTmp\cmTC_f12dd.vcxproj" (destinos predeterminados) -- ERROR.

ERROR al compilar.

"C:\hlocal\Proyecto3\ProyectoBasico\Dependencies\Ogre\Build\ZZIPlib-master\CMakeFiles\CMakeTmp\cmTC_f12dd.vcxproj" (destino predeterminado) (1) ->
(ClCompile destino) -> 
  C:\hlocal\Proyecto3\ProyectoBasico\Dependencies\Ogre\Build\ZZIPlib-master\CMakeFiles\CMakeTmp\CheckIncludeFiles.c(2): fatal error C1083: No se puede abrir el archivo incluir: 'ndir.h': No such file or directory [C:\hlocal\Proyecto3\ProyectoBasico\Dependencies\Ogre\Build\ZZIPlib-master\CMakeFiles\CMakeTmp\cmTC_f12dd.vcxproj]

    0 Advertencia(s)
    1 Errores

Tiempo transcurrido 00:00:00.50

Source:
/* */
#include <ndir.h>


int main(void){return 0;}

Determining if the function strcasecmp exists failed with the following output:
Change Dir: C:/hlocal/Proyecto3/ProyectoBasico/Dependencies/Ogre/Build/ZZIPlib-master/CMakeFiles/CMakeTmp

Run Build Command:"C:/Program Files (x86)/MSBuild/12.0/bin/MSBuild.exe" "cmTC_2f87e.vcxproj" "/p:Configuration=Debug" "/p:VisualStudioVersion=12.0"
Microsoft (R) Build Engine, versión 12.0.40629.0
[Microsoft .NET Framework, versión 4.0.30319.42000]
Copyright (C) Microsoft Corporation. Todos los derechos reservados.

Compilación iniciada a las 21/02/2018 17:19:50.
Proyecto "C:\hlocal\Proyecto3\ProyectoBasico\Dependencies\Ogre\Build\ZZIPlib-master\CMakeFiles\CMakeTmp\cmTC_2f87e.vcxproj" en nodo 1 (destinos predeterminados).
PrepareForBuild:
  Creando directorio "cmTC_2f87e.dir\Debug\".
  Creando directorio "C:\hlocal\Proyecto3\ProyectoBasico\Dependencies\Ogre\Build\ZZIPlib-master\CMakeFiles\CMakeTmp\Debug\".
  Creando directorio "cmTC_2f87e.dir\Debug\cmTC_2f87e.tlog\".
InitializeBuildStatus:
  Se creará "cmTC_2f87e.dir\Debug\cmTC_2f87e.tlog\unsuccessfulbuild" porque se especificó "AlwaysCreate".
ClCompile:
  C:\software\programacion\MSVStudio2013\VC\bin\CL.exe /c /Zi /W3 /WX- /Od /Ob0 /Oy- /D WIN32 /D _WINDOWS /D CHECK_FUNCTION_EXISTS=strcasecmp /D "CMAKE_INTDIR=\"Debug\"" /D _MBCS /Gm- /RTC1 /MDd /GS /fp:precise /Zc:wchar_t /Zc:forScope /Fo"cmTC_2f87e.dir\Debug\\" /Fd"cmTC_2f87e.dir\Debug\vc120.pdb" /Gd /TC /analyze- /errorReport:queue "C:\hlocal\Proyecto3\ProyectoBasico\Dependencies\cmake-3.10.2-win64-x64\share\cmake-3.10\Modules\CheckFunctionExists.c"
  Compilador de optimización de C/C++ de Microsoft (R) versión 18.00.40629 para x86
  (C) Microsoft Corporation. Reservados todos los derechos.
  
  cl /c /Zi /W3 /WX- /Od /Ob0 /Oy- /D WIN32 /D _WINDOWS /D CHECK_FUNCTION_EXISTS=strcasecmp /D "CMAKE_INTDIR=\"Debug\"" /D _MBCS /Gm- /RTC1 /MDd /GS /fp:precise /Zc:wchar_t /Zc:forScope /Fo"cmTC_2f87e.dir\Debug\\" /Fd"cmTC_2f87e.dir\Debug\vc120.pdb" /Gd /TC /analyze- /errorReport:queue "C:\hlocal\Proyecto3\ProyectoBasico\Dependencies\cmake-3.10.2-win64-x64\share\cmake-3.10\Modules\CheckFunctionExists.c"
  CheckFunctionExists.c
  
Link:
  C:\software\programacion\MSVStudio2013\VC\bin\link.exe /ERRORREPORT:QUEUE /OUT:"C:\hlocal\Proyecto3\ProyectoBasico\Dependencies\Ogre\Build\ZZIPlib-master\CMakeFiles\CMakeTmp\Debug\cmTC_2f87e.exe" /INCREMENTAL /NOLOGO kernel32.lib user32.lib gdi32.lib winspool.lib shell32.lib ole32.lib oleaut32.lib uuid.lib comdlg32.lib advapi32.lib /MANIFEST /MANIFESTUAC:"level='asInvoker' uiAccess='false'" /manifest:embed /DEBUG /PDB:"C:/hlocal/Proyecto3/ProyectoBasico/Dependencies/Ogre/Build/ZZIPlib-master/CMakeFiles/CMakeTmp/Debug/cmTC_2f87e.pdb" /SUBSYSTEM:CONSOLE /TLBID:1 /DYNAMICBASE /NXCOMPAT /IMPLIB:"C:/hlocal/Proyecto3/ProyectoBasico/Dependencies/Ogre/Build/ZZIPlib-master/CMakeFiles/CMakeTmp/Debug/cmTC_2f87e.lib" /MACHINE:X86 /SAFESEH  /machine:X86 cmTC_2f87e.dir\Debug\CheckFunctionExists.obj
CheckFunctionExists.obj : error LNK2019: sÝmbolo externo _strcasecmp sin resolver al que se hace referencia en la funci¾n _main [C:\hlocal\Proyecto3\ProyectoBasico\Dependencies\Ogre\Build\ZZIPlib-master\CMakeFiles\CMakeTmp\cmTC_2f87e.vcxproj]
C:\hlocal\Proyecto3\ProyectoBasico\Dependencies\Ogre\Build\ZZIPlib-master\CMakeFiles\CMakeTmp\Debug\cmTC_2f87e.exe : fatal error LNK1120: 1 externos sin resolver [C:\hlocal\Proyecto3\ProyectoBasico\Dependencies\Ogre\Build\ZZIPlib-master\CMakeFiles\CMakeTmp\cmTC_2f87e.vcxproj]
Compilación del proyecto terminada "C:\hlocal\Proyecto3\ProyectoBasico\Dependencies\Ogre\Build\ZZIPlib-master\CMakeFiles\CMakeTmp\cmTC_2f87e.vcxproj" (destinos predeterminados) -- ERROR.

ERROR al compilar.

"C:\hlocal\Proyecto3\ProyectoBasico\Dependencies\Ogre\Build\ZZIPlib-master\CMakeFiles\CMakeTmp\cmTC_2f87e.vcxproj" (destino predeterminado) (1) ->
(Link destino) -> 
  CheckFunctionExists.obj : error LNK2019: sÝmbolo externo _strcasecmp sin resolver al que se hace referencia en la funci¾n _main [C:\hlocal\Proyecto3\ProyectoBasico\Dependencies\Ogre\Build\ZZIPlib-master\CMakeFiles\CMakeTmp\cmTC_2f87e.vcxproj]
  C:\hlocal\Proyecto3\ProyectoBasico\Dependencies\Ogre\Build\ZZIPlib-master\CMakeFiles\CMakeTmp\Debug\cmTC_2f87e.exe : fatal error LNK1120: 1 externos sin resolver [C:\hlocal\Proyecto3\ProyectoBasico\Dependencies\Ogre\Build\ZZIPlib-master\CMakeFiles\CMakeTmp\cmTC_2f87e.vcxproj]

    0 Advertencia(s)
    2 Errores

Tiempo transcurrido 00:00:00.99


Determining if files strings.h exist failed with the following output:
Change Dir: C:/hlocal/Proyecto3/ProyectoBasico/Dependencies/Ogre/Build/ZZIPlib-master/CMakeFiles/CMakeTmp

Run Build Command:"C:/Program Files (x86)/MSBuild/12.0/bin/MSBuild.exe" "cmTC_fd849.vcxproj" "/p:Configuration=Debug" "/p:VisualStudioVersion=12.0"
Microsoft (R) Build Engine, versión 12.0.40629.0
[Microsoft .NET Framework, versión 4.0.30319.42000]
Copyright (C) Microsoft Corporation. Todos los derechos reservados.

Compilación iniciada a las 21/02/2018 17:19:51.
Proyecto "C:\hlocal\Proyecto3\ProyectoBasico\Dependencies\Ogre\Build\ZZIPlib-master\CMakeFiles\CMakeTmp\cmTC_fd849.vcxproj" en nodo 1 (destinos predeterminados).
PrepareForBuild:
  Creando directorio "cmTC_fd849.dir\Debug\".
  Creando directorio "C:\hlocal\Proyecto3\ProyectoBasico\Dependencies\Ogre\Build\ZZIPlib-master\CMakeFiles\CMakeTmp\Debug\".
  Creando directorio "cmTC_fd849.dir\Debug\cmTC_fd849.tlog\".
InitializeBuildStatus:
  Se creará "cmTC_fd849.dir\Debug\cmTC_fd849.tlog\unsuccessfulbuild" porque se especificó "AlwaysCreate".
ClCompile:
  C:\software\programacion\MSVStudio2013\VC\bin\CL.exe /c /Zi /W3 /WX- /Od /Ob0 /Oy- /D WIN32 /D _WINDOWS /D "CMAKE_INTDIR=\"Debug\"" /D _MBCS /Gm- /RTC1 /MDd /GS /fp:precise /Zc:wchar_t /Zc:forScope /Fo"cmTC_fd849.dir\Debug\\" /Fd"cmTC_fd849.dir\Debug\vc120.pdb" /Gd /TC /analyze- /errorReport:queue "C:\hlocal\Proyecto3\ProyectoBasico\Dependencies\Ogre\Build\ZZIPlib-master\CMakeFiles\CMakeTmp\CheckIncludeFiles.c"
  Compilador de optimización de C/C++ de Microsoft (R) versión 18.00.40629 para x86
  (C) Microsoft Corporation. Reservados todos los derechos.
  
  cl /c /Zi /W3 /WX- /Od /Ob0 /Oy- /D WIN32 /D _WINDOWS /D "CMAKE_INTDIR=\"Debug\"" /D _MBCS /Gm- /RTC1 /MDd /GS /fp:precise /Zc:wchar_t /Zc:forScope /Fo"cmTC_fd849.dir\Debug\\" /Fd"cmTC_fd849.dir\Debug\vc120.pdb" /Gd /TC /analyze- /errorReport:queue "C:\hlocal\Proyecto3\ProyectoBasico\Dependencies\Ogre\Build\ZZIPlib-master\CMakeFiles\CMakeTmp\CheckIncludeFiles.c"
  CheckIncludeFiles.c
  
C:\hlocal\Proyecto3\ProyectoBasico\Dependencies\Ogre\Build\ZZIPlib-master\CMakeFiles\CMakeTmp\CheckIncludeFiles.c(2): fatal error C1083: No se puede abrir el archivo incluir: 'strings.h': No such file or directory [C:\hlocal\Proyecto3\ProyectoBasico\Dependencies\Ogre\Build\ZZIPlib-master\CMakeFiles\CMakeTmp\cmTC_fd849.vcxproj]
Compilación del proyecto terminada "C:\hlocal\Proyecto3\ProyectoBasico\Dependencies\Ogre\Build\ZZIPlib-master\CMakeFiles\CMakeTmp\cmTC_fd849.vcxproj" (destinos predeterminados) -- ERROR.

ERROR al compilar.

"C:\hlocal\Proyecto3\ProyectoBasico\Dependencies\Ogre\Build\ZZIPlib-master\CMakeFiles\CMakeTmp\cmTC_fd849.vcxproj" (destino predeterminado) (1) ->
(ClCompile destino) -> 
  C:\hlocal\Proyecto3\ProyectoBasico\Dependencies\Ogre\Build\ZZIPlib-master\CMakeFiles\CMakeTmp\CheckIncludeFiles.c(2): fatal error C1083: No se puede abrir el archivo incluir: 'strings.h': No such file or directory [C:\hlocal\Proyecto3\ProyectoBasico\Dependencies\Ogre\Build\ZZIPlib-master\CMakeFiles\CMakeTmp\cmTC_fd849.vcxproj]

    0 Advertencia(s)
    1 Errores

Tiempo transcurrido 00:00:00.65

Source:
/* */
#include <strings.h>


int main(void){return 0;}

Determining if the function strndup exists failed with the following output:
Change Dir: C:/hlocal/Proyecto3/ProyectoBasico/Dependencies/Ogre/Build/ZZIPlib-master/CMakeFiles/CMakeTmp

Run Build Command:"C:/Program Files (x86)/MSBuild/12.0/bin/MSBuild.exe" "cmTC_5ab5c.vcxproj" "/p:Configuration=Debug" "/p:VisualStudioVersion=12.0"
Microsoft (R) Build Engine, versión 12.0.40629.0
[Microsoft .NET Framework, versión 4.0.30319.42000]
Copyright (C) Microsoft Corporation. Todos los derechos reservados.

Compilación iniciada a las 21/02/2018 17:19:53.
Proyecto "C:\hlocal\Proyecto3\ProyectoBasico\Dependencies\Ogre\Build\ZZIPlib-master\CMakeFiles\CMakeTmp\cmTC_5ab5c.vcxproj" en nodo 1 (destinos predeterminados).
PrepareForBuild:
  Creando directorio "cmTC_5ab5c.dir\Debug\".
  Creando directorio "C:\hlocal\Proyecto3\ProyectoBasico\Dependencies\Ogre\Build\ZZIPlib-master\CMakeFiles\CMakeTmp\Debug\".
  Creando directorio "cmTC_5ab5c.dir\Debug\cmTC_5ab5c.tlog\".
InitializeBuildStatus:
  Se creará "cmTC_5ab5c.dir\Debug\cmTC_5ab5c.tlog\unsuccessfulbuild" porque se especificó "AlwaysCreate".
ClCompile:
  C:\software\programacion\MSVStudio2013\VC\bin\CL.exe /c /Zi /W3 /WX- /Od /Ob0 /Oy- /D WIN32 /D _WINDOWS /D CHECK_FUNCTION_EXISTS=strndup /D "CMAKE_INTDIR=\"Debug\"" /D _MBCS /Gm- /RTC1 /MDd /GS /fp:precise /Zc:wchar_t /Zc:forScope /Fo"cmTC_5ab5c.dir\Debug\\" /Fd"cmTC_5ab5c.dir\Debug\vc120.pdb" /Gd /TC /analyze- /errorReport:queue "C:\hlocal\Proyecto3\ProyectoBasico\Dependencies\cmake-3.10.2-win64-x64\share\cmake-3.10\Modules\CheckFunctionExists.c"
  Compilador de optimización de C/C++ de Microsoft (R) versión 18.00.40629 para x86
  (C) Microsoft Corporation. Reservados todos los derechos.
  
  cl /c /Zi /W3 /WX- /Od /Ob0 /Oy- /D WIN32 /D _WINDOWS /D CHECK_FUNCTION_EXISTS=strndup /D "CMAKE_INTDIR=\"Debug\"" /D _MBCS /Gm- /RTC1 /MDd /GS /fp:precise /Zc:wchar_t /Zc:forScope /Fo"cmTC_5ab5c.dir\Debug\\" /Fd"cmTC_5ab5c.dir\Debug\vc120.pdb" /Gd /TC /analyze- /errorReport:queue "C:\hlocal\Proyecto3\ProyectoBasico\Dependencies\cmake-3.10.2-win64-x64\share\cmake-3.10\Modules\CheckFunctionExists.c"
  CheckFunctionExists.c
  
Link:
  C:\software\programacion\MSVStudio2013\VC\bin\link.exe /ERRORREPORT:QUEUE /OUT:"C:\hlocal\Proyecto3\ProyectoBasico\Dependencies\Ogre\Build\ZZIPlib-master\CMakeFiles\CMakeTmp\Debug\cmTC_5ab5c.exe" /INCREMENTAL /NOLOGO kernel32.lib user32.lib gdi32.lib winspool.lib shell32.lib ole32.lib oleaut32.lib uuid.lib comdlg32.lib advapi32.lib /MANIFEST /MANIFESTUAC:"level='asInvoker' uiAccess='false'" /manifest:embed /DEBUG /PDB:"C:/hlocal/Proyecto3/ProyectoBasico/Dependencies/Ogre/Build/ZZIPlib-master/CMakeFiles/CMakeTmp/Debug/cmTC_5ab5c.pdb" /SUBSYSTEM:CONSOLE /TLBID:1 /DYNAMICBASE /NXCOMPAT /IMPLIB:"C:/hlocal/Proyecto3/ProyectoBasico/Dependencies/Ogre/Build/ZZIPlib-master/CMakeFiles/CMakeTmp/Debug/cmTC_5ab5c.lib" /MACHINE:X86 /SAFESEH  /machine:X86 cmTC_5ab5c.dir\Debug\CheckFunctionExists.obj
CheckFunctionExists.obj : error LNK2019: sÝmbolo externo _strndup sin resolver al que se hace referencia en la funci¾n _main [C:\hlocal\Proyecto3\ProyectoBasico\Dependencies\Ogre\Build\ZZIPlib-master\CMakeFiles\CMakeTmp\cmTC_5ab5c.vcxproj]
C:\hlocal\Proyecto3\ProyectoBasico\Dependencies\Ogre\Build\ZZIPlib-master\CMakeFiles\CMakeTmp\Debug\cmTC_5ab5c.exe : fatal error LNK1120: 1 externos sin resolver [C:\hlocal\Proyecto3\ProyectoBasico\Dependencies\Ogre\Build\ZZIPlib-master\CMakeFiles\CMakeTmp\cmTC_5ab5c.vcxproj]
Compilación del proyecto terminada "C:\hlocal\Proyecto3\ProyectoBasico\Dependencies\Ogre\Build\ZZIPlib-master\CMakeFiles\CMakeTmp\cmTC_5ab5c.vcxproj" (destinos predeterminados) -- ERROR.

ERROR al compilar.

"C:\hlocal\Proyecto3\ProyectoBasico\Dependencies\Ogre\Build\ZZIPlib-master\CMakeFiles\CMakeTmp\cmTC_5ab5c.vcxproj" (destino predeterminado) (1) ->
(Link destino) -> 
  CheckFunctionExists.obj : error LNK2019: sÝmbolo externo _strndup sin resolver al que se hace referencia en la funci¾n _main [C:\hlocal\Proyecto3\ProyectoBasico\Dependencies\Ogre\Build\ZZIPlib-master\CMakeFiles\CMakeTmp\cmTC_5ab5c.vcxproj]
  C:\hlocal\Proyecto3\ProyectoBasico\Dependencies\Ogre\Build\ZZIPlib-master\CMakeFiles\CMakeTmp\Debug\cmTC_5ab5c.exe : fatal error LNK1120: 1 externos sin resolver [C:\hlocal\Proyecto3\ProyectoBasico\Dependencies\Ogre\Build\ZZIPlib-master\CMakeFiles\CMakeTmp\cmTC_5ab5c.vcxproj]

    0 Advertencia(s)
    2 Errores

Tiempo transcurrido 00:00:01.86


Determining if files sys/dir.h exist failed with the following output:
Change Dir: C:/hlocal/Proyecto3/ProyectoBasico/Dependencies/Ogre/Build/ZZIPlib-master/CMakeFiles/CMakeTmp

Run Build Command:"C:/Program Files (x86)/MSBuild/12.0/bin/MSBuild.exe" "cmTC_7bb5a.vcxproj" "/p:Configuration=Debug" "/p:VisualStudioVersion=12.0"
Microsoft (R) Build Engine, versión 12.0.40629.0
[Microsoft .NET Framework, versión 4.0.30319.42000]
Copyright (C) Microsoft Corporation. Todos los derechos reservados.

Compilación iniciada a las 21/02/2018 17:19:55.
Proyecto "C:\hlocal\Proyecto3\ProyectoBasico\Dependencies\Ogre\Build\ZZIPlib-master\CMakeFiles\CMakeTmp\cmTC_7bb5a.vcxproj" en nodo 1 (destinos predeterminados).
PrepareForBuild:
  Creando directorio "cmTC_7bb5a.dir\Debug\".
  Creando directorio "C:\hlocal\Proyecto3\ProyectoBasico\Dependencies\Ogre\Build\ZZIPlib-master\CMakeFiles\CMakeTmp\Debug\".
  Creando directorio "cmTC_7bb5a.dir\Debug\cmTC_7bb5a.tlog\".
InitializeBuildStatus:
  Se creará "cmTC_7bb5a.dir\Debug\cmTC_7bb5a.tlog\unsuccessfulbuild" porque se especificó "AlwaysCreate".
ClCompile:
  C:\software\programacion\MSVStudio2013\VC\bin\CL.exe /c /Zi /W3 /WX- /Od /Ob0 /Oy- /D WIN32 /D _WINDOWS /D "CMAKE_INTDIR=\"Debug\"" /D _MBCS /Gm- /RTC1 /MDd /GS /fp:precise /Zc:wchar_t /Zc:forScope /Fo"cmTC_7bb5a.dir\Debug\\" /Fd"cmTC_7bb5a.dir\Debug\vc120.pdb" /Gd /TC /analyze- /errorReport:queue "C:\hlocal\Proyecto3\ProyectoBasico\Dependencies\Ogre\Build\ZZIPlib-master\CMakeFiles\CMakeTmp\CheckIncludeFiles.c"
  Compilador de optimización de C/C++ de Microsoft (R) versión 18.00.40629 para x86
  (C) Microsoft Corporation. Reservados todos los derechos.
  
  cl /c /Zi /W3 /WX- /Od /Ob0 /Oy- /D WIN32 /D _WINDOWS /D "CMAKE_INTDIR=\"Debug\"" /D _MBCS /Gm- /RTC1 /MDd /GS /fp:precise /Zc:wchar_t /Zc:forScope /Fo"cmTC_7bb5a.dir\Debug\\" /Fd"cmTC_7bb5a.dir\Debug\vc120.pdb" /Gd /TC /analyze- /errorReport:queue "C:\hlocal\Proyecto3\ProyectoBasico\Dependencies\Ogre\Build\ZZIPlib-master\CMakeFiles\CMakeTmp\CheckIncludeFiles.c"
  CheckIncludeFiles.c
C:\hlocal\Proyecto3\ProyectoBasico\Dependencies\Ogre\Build\ZZIPlib-master\CMakeFiles\CMakeTmp\CheckIncludeFiles.c(2): fatal error C1083: No se puede abrir el archivo incluir: 'sys/dir.h': No such file or directory [C:\hlocal\Proyecto3\ProyectoBasico\Dependencies\Ogre\Build\ZZIPlib-master\CMakeFiles\CMakeTmp\cmTC_7bb5a.vcxproj]
  
Compilación del proyecto terminada "C:\hlocal\Proyecto3\ProyectoBasico\Dependencies\Ogre\Build\ZZIPlib-master\CMakeFiles\CMakeTmp\cmTC_7bb5a.vcxproj" (destinos predeterminados) -- ERROR.

ERROR al compilar.

"C:\hlocal\Proyecto3\ProyectoBasico\Dependencies\Ogre\Build\ZZIPlib-master\CMakeFiles\CMakeTmp\cmTC_7bb5a.vcxproj" (destino predeterminado) (1) ->
(ClCompile destino) -> 
  C:\hlocal\Proyecto3\ProyectoBasico\Dependencies\Ogre\Build\ZZIPlib-master\CMakeFiles\CMakeTmp\CheckIncludeFiles.c(2): fatal error C1083: No se puede abrir el archivo incluir: 'sys/dir.h': No such file or directory [C:\hlocal\Proyecto3\ProyectoBasico\Dependencies\Ogre\Build\ZZIPlib-master\CMakeFiles\CMakeTmp\cmTC_7bb5a.vcxproj]

    0 Advertencia(s)
    1 Errores

Tiempo transcurrido 00:00:00.59

Source:
/* */
#include <sys/dir.h>


int main(void){return 0;}

Determining if files sys/int_types.h exist failed with the following output:
Change Dir: C:/hlocal/Proyecto3/ProyectoBasico/Dependencies/Ogre/Build/ZZIPlib-master/CMakeFiles/CMakeTmp

Run Build Command:"C:/Program Files (x86)/MSBuild/12.0/bin/MSBuild.exe" "cmTC_e0b6d.vcxproj" "/p:Configuration=Debug" "/p:VisualStudioVersion=12.0"
Microsoft (R) Build Engine, versión 12.0.40629.0
[Microsoft .NET Framework, versión 4.0.30319.42000]
Copyright (C) Microsoft Corporation. Todos los derechos reservados.

Compilación iniciada a las 21/02/2018 17:20:01.
Proyecto "C:\hlocal\Proyecto3\ProyectoBasico\Dependencies\Ogre\Build\ZZIPlib-master\CMakeFiles\CMakeTmp\cmTC_e0b6d.vcxproj" en nodo 1 (destinos predeterminados).
PrepareForBuild:
  Creando directorio "cmTC_e0b6d.dir\Debug\".
  Creando directorio "C:\hlocal\Proyecto3\ProyectoBasico\Dependencies\Ogre\Build\ZZIPlib-master\CMakeFiles\CMakeTmp\Debug\".
  Creando directorio "cmTC_e0b6d.dir\Debug\cmTC_e0b6d.tlog\".
InitializeBuildStatus:
  Se creará "cmTC_e0b6d.dir\Debug\cmTC_e0b6d.tlog\unsuccessfulbuild" porque se especificó "AlwaysCreate".
ClCompile:
  C:\software\programacion\MSVStudio2013\VC\bin\CL.exe /c /Zi /W3 /WX- /Od /Ob0 /Oy- /D WIN32 /D _WINDOWS /D "CMAKE_INTDIR=\"Debug\"" /D _MBCS /Gm- /RTC1 /MDd /GS /fp:precise /Zc:wchar_t /Zc:forScope /Fo"cmTC_e0b6d.dir\Debug\\" /Fd"cmTC_e0b6d.dir\Debug\vc120.pdb" /Gd /TC /analyze- /errorReport:queue "C:\hlocal\Proyecto3\ProyectoBasico\Dependencies\Ogre\Build\ZZIPlib-master\CMakeFiles\CMakeTmp\CheckIncludeFiles.c"
  Compilador de optimización de C/C++ de Microsoft (R) versión 18.00.40629 para x86
  (C) Microsoft Corporation. Reservados todos los derechos.
  
  cl /c /Zi /W3 /WX- /Od /Ob0 /Oy- /D WIN32 /D _WINDOWS /D "CMAKE_INTDIR=\"Debug\"" /D _MBCS /Gm- /RTC1 /MDd /GS /fp:precise /Zc:wchar_t /Zc:forScope /Fo"cmTC_e0b6d.dir\Debug\\" /Fd"cmTC_e0b6d.dir\Debug\vc120.pdb" /Gd /TC /analyze- /errorReport:queue "C:\hlocal\Proyecto3\ProyectoBasico\Dependencies\Ogre\Build\ZZIPlib-master\CMakeFiles\CMakeTmp\CheckIncludeFiles.c"
  CheckIncludeFiles.c
C:\hlocal\Proyecto3\ProyectoBasico\Dependencies\Ogre\Build\ZZIPlib-master\CMakeFiles\CMakeTmp\CheckIncludeFiles.c(2): fatal error C1083: No se puede abrir el archivo incluir: 'sys/int_types.h': No such file or directory [C:\hlocal\Proyecto3\ProyectoBasico\Dependencies\Ogre\Build\ZZIPlib-master\CMakeFiles\CMakeTmp\cmTC_e0b6d.vcxproj]
  
Compilación del proyecto terminada "C:\hlocal\Proyecto3\ProyectoBasico\Dependencies\Ogre\Build\ZZIPlib-master\CMakeFiles\CMakeTmp\cmTC_e0b6d.vcxproj" (destinos predeterminados) -- ERROR.

ERROR al compilar.

"C:\hlocal\Proyecto3\ProyectoBasico\Dependencies\Ogre\Build\ZZIPlib-master\CMakeFiles\CMakeTmp\cmTC_e0b6d.vcxproj" (destino predeterminado) (1) ->
(ClCompile destino) -> 
  C:\hlocal\Proyecto3\ProyectoBasico\Dependencies\Ogre\Build\ZZIPlib-master\CMakeFiles\CMakeTmp\CheckIncludeFiles.c(2): fatal error C1083: No se puede abrir el archivo incluir: 'sys/int_types.h': No such file or directory [C:\hlocal\Proyecto3\ProyectoBasico\Dependencies\Ogre\Build\ZZIPlib-master\CMakeFiles\CMakeTmp\cmTC_e0b6d.vcxproj]

    0 Advertencia(s)
    1 Errores

Tiempo transcurrido 00:00:06.09

Source:
/* */
#include <sys/int_types.h>


int main(void){return 0;}

Determining if files sys/mman.h exist failed with the following output:
Change Dir: C:/hlocal/Proyecto3/ProyectoBasico/Dependencies/Ogre/Build/ZZIPlib-master/CMakeFiles/CMakeTmp

Run Build Command:"C:/Program Files (x86)/MSBuild/12.0/bin/MSBuild.exe" "cmTC_5d6fe.vcxproj" "/p:Configuration=Debug" "/p:VisualStudioVersion=12.0"
Microsoft (R) Build Engine, versión 12.0.40629.0
[Microsoft .NET Framework, versión 4.0.30319.42000]
Copyright (C) Microsoft Corporation. Todos los derechos reservados.

Compilación iniciada a las 21/02/2018 17:20:07.
Proyecto "C:\hlocal\Proyecto3\ProyectoBasico\Dependencies\Ogre\Build\ZZIPlib-master\CMakeFiles\CMakeTmp\cmTC_5d6fe.vcxproj" en nodo 1 (destinos predeterminados).
PrepareForBuild:
  Creando directorio "cmTC_5d6fe.dir\Debug\".
  Creando directorio "C:\hlocal\Proyecto3\ProyectoBasico\Dependencies\Ogre\Build\ZZIPlib-master\CMakeFiles\CMakeTmp\Debug\".
  Creando directorio "cmTC_5d6fe.dir\Debug\cmTC_5d6fe.tlog\".
InitializeBuildStatus:
  Se creará "cmTC_5d6fe.dir\Debug\cmTC_5d6fe.tlog\unsuccessfulbuild" porque se especificó "AlwaysCreate".
ClCompile:
  C:\software\programacion\MSVStudio2013\VC\bin\CL.exe /c /Zi /W3 /WX- /Od /Ob0 /Oy- /D WIN32 /D _WINDOWS /D "CMAKE_INTDIR=\"Debug\"" /D _MBCS /Gm- /RTC1 /MDd /GS /fp:precise /Zc:wchar_t /Zc:forScope /Fo"cmTC_5d6fe.dir\Debug\\" /Fd"cmTC_5d6fe.dir\Debug\vc120.pdb" /Gd /TC /analyze- /errorReport:queue "C:\hlocal\Proyecto3\ProyectoBasico\Dependencies\Ogre\Build\ZZIPlib-master\CMakeFiles\CMakeTmp\CheckIncludeFiles.c"
  Compilador de optimización de C/C++ de Microsoft (R) versión 18.00.40629 para x86
  (C) Microsoft Corporation. Reservados todos los derechos.
  
  cl /c /Zi /W3 /WX- /Od /Ob0 /Oy- /D WIN32 /D _WINDOWS /D "CMAKE_INTDIR=\"Debug\"" /D _MBCS /Gm- /RTC1 /MDd /GS /fp:precise /Zc:wchar_t /Zc:forScope /Fo"cmTC_5d6fe.dir\Debug\\" /Fd"cmTC_5d6fe.dir\Debug\vc120.pdb" /Gd /TC /analyze- /errorReport:queue "C:\hlocal\Proyecto3\ProyectoBasico\Dependencies\Ogre\Build\ZZIPlib-master\CMakeFiles\CMakeTmp\CheckIncludeFiles.c"
  CheckIncludeFiles.c
C:\hlocal\Proyecto3\ProyectoBasico\Dependencies\Ogre\Build\ZZIPlib-master\CMakeFiles\CMakeTmp\CheckIncludeFiles.c(2): fatal error C1083: No se puede abrir el archivo incluir: 'sys/mman.h': No such file or directory [C:\hlocal\Proyecto3\ProyectoBasico\Dependencies\Ogre\Build\ZZIPlib-master\CMakeFiles\CMakeTmp\cmTC_5d6fe.vcxproj]
  
Compilación del proyecto terminada "C:\hlocal\Proyecto3\ProyectoBasico\Dependencies\Ogre\Build\ZZIPlib-master\CMakeFiles\CMakeTmp\cmTC_5d6fe.vcxproj" (destinos predeterminados) -- ERROR.

ERROR al compilar.

"C:\hlocal\Proyecto3\ProyectoBasico\Dependencies\Ogre\Build\ZZIPlib-master\CMakeFiles\CMakeTmp\cmTC_5d6fe.vcxproj" (destino predeterminado) (1) ->
(ClCompile destino) -> 
  C:\hlocal\Proyecto3\ProyectoBasico\Dependencies\Ogre\Build\ZZIPlib-master\CMakeFiles\CMakeTmp\CheckIncludeFiles.c(2): fatal error C1083: No se puede abrir el archivo incluir: 'sys/mman.h': No such file or directory [C:\hlocal\Proyecto3\ProyectoBasico\Dependencies\Ogre\Build\ZZIPlib-master\CMakeFiles\CMakeTmp\cmTC_5d6fe.vcxproj]

    0 Advertencia(s)
    1 Errores

Tiempo transcurrido 00:00:00.66

Source:
/* */
#include <sys/mman.h>


int main(void){return 0;}

Determining if files sys/ndir.h exist failed with the following output:
Change Dir: C:/hlocal/Proyecto3/ProyectoBasico/Dependencies/Ogre/Build/ZZIPlib-master/CMakeFiles/CMakeTmp

Run Build Command:"C:/Program Files (x86)/MSBuild/12.0/bin/MSBuild.exe" "cmTC_7892f.vcxproj" "/p:Configuration=Debug" "/p:VisualStudioVersion=12.0"
Microsoft (R) Build Engine, versión 12.0.40629.0
[Microsoft .NET Framework, versión 4.0.30319.42000]
Copyright (C) Microsoft Corporation. Todos los derechos reservados.

Compilación iniciada a las 21/02/2018 17:20:08.
Proyecto "C:\hlocal\Proyecto3\ProyectoBasico\Dependencies\Ogre\Build\ZZIPlib-master\CMakeFiles\CMakeTmp\cmTC_7892f.vcxproj" en nodo 1 (destinos predeterminados).
PrepareForBuild:
  Creando directorio "cmTC_7892f.dir\Debug\".
  Creando directorio "C:\hlocal\Proyecto3\ProyectoBasico\Dependencies\Ogre\Build\ZZIPlib-master\CMakeFiles\CMakeTmp\Debug\".
  Creando directorio "cmTC_7892f.dir\Debug\cmTC_7892f.tlog\".
InitializeBuildStatus:
  Se creará "cmTC_7892f.dir\Debug\cmTC_7892f.tlog\unsuccessfulbuild" porque se especificó "AlwaysCreate".
ClCompile:
  C:\software\programacion\MSVStudio2013\VC\bin\CL.exe /c /Zi /W3 /WX- /Od /Ob0 /Oy- /D WIN32 /D _WINDOWS /D "CMAKE_INTDIR=\"Debug\"" /D _MBCS /Gm- /RTC1 /MDd /GS /fp:precise /Zc:wchar_t /Zc:forScope /Fo"cmTC_7892f.dir\Debug\\" /Fd"cmTC_7892f.dir\Debug\vc120.pdb" /Gd /TC /analyze- /errorReport:queue "C:\hlocal\Proyecto3\ProyectoBasico\Dependencies\Ogre\Build\ZZIPlib-master\CMakeFiles\CMakeTmp\CheckIncludeFiles.c"
  Compilador de optimización de C/C++ de Microsoft (R) versión 18.00.40629 para x86
  (C) Microsoft Corporation. Reservados todos los derechos.
  
  cl /c /Zi /W3 /WX- /Od /Ob0 /Oy- /D WIN32 /D _WINDOWS /D "CMAKE_INTDIR=\"Debug\"" /D _MBCS /Gm- /RTC1 /MDd /GS /fp:precise /Zc:wchar_t /Zc:forScope /Fo"cmTC_7892f.dir\Debug\\" /Fd"cmTC_7892f.dir\Debug\vc120.pdb" /Gd /TC /analyze- /errorReport:queue "C:\hlocal\Proyecto3\ProyectoBasico\Dependencies\Ogre\Build\ZZIPlib-master\CMakeFiles\CMakeTmp\CheckIncludeFiles.c"
  CheckIncludeFiles.c
C:\hlocal\Proyecto3\ProyectoBasico\Dependencies\Ogre\Build\ZZIPlib-master\CMakeFiles\CMakeTmp\CheckIncludeFiles.c(2): fatal error C1083: No se puede abrir el archivo incluir: 'sys/ndir.h': No such file or directory [C:\hlocal\Proyecto3\ProyectoBasico\Dependencies\Ogre\Build\ZZIPlib-master\CMakeFiles\CMakeTmp\cmTC_7892f.vcxproj]
  
Compilación del proyecto terminada "C:\hlocal\Proyecto3\ProyectoBasico\Dependencies\Ogre\Build\ZZIPlib-master\CMakeFiles\CMakeTmp\cmTC_7892f.vcxproj" (destinos predeterminados) -- ERROR.

ERROR al compilar.

"C:\hlocal\Proyecto3\ProyectoBasico\Dependencies\Ogre\Build\ZZIPlib-master\CMakeFiles\CMakeTmp\cmTC_7892f.vcxproj" (destino predeterminado) (1) ->
(ClCompile destino) -> 
  C:\hlocal\Proyecto3\ProyectoBasico\Dependencies\Ogre\Build\ZZIPlib-master\CMakeFiles\CMakeTmp\CheckIncludeFiles.c(2): fatal error C1083: No se puede abrir el archivo incluir: 'sys/ndir.h': No such file or directory [C:\hlocal\Proyecto3\ProyectoBasico\Dependencies\Ogre\Build\ZZIPlib-master\CMakeFiles\CMakeTmp\cmTC_7892f.vcxproj]

    0 Advertencia(s)
    1 Errores

Tiempo transcurrido 00:00:00.77

Source:
/* */
#include <sys/ndir.h>


int main(void){return 0;}

Determining if files sys/param.h exist failed with the following output:
Change Dir: C:/hlocal/Proyecto3/ProyectoBasico/Dependencies/Ogre/Build/ZZIPlib-master/CMakeFiles/CMakeTmp

Run Build Command:"C:/Program Files (x86)/MSBuild/12.0/bin/MSBuild.exe" "cmTC_aa789.vcxproj" "/p:Configuration=Debug" "/p:VisualStudioVersion=12.0"
Microsoft (R) Build Engine, versión 12.0.40629.0
[Microsoft .NET Framework, versión 4.0.30319.42000]
Copyright (C) Microsoft Corporation. Todos los derechos reservados.

Compilación iniciada a las 21/02/2018 17:20:09.
Proyecto "C:\hlocal\Proyecto3\ProyectoBasico\Dependencies\Ogre\Build\ZZIPlib-master\CMakeFiles\CMakeTmp\cmTC_aa789.vcxproj" en nodo 1 (destinos predeterminados).
PrepareForBuild:
  Creando directorio "cmTC_aa789.dir\Debug\".
  Creando directorio "C:\hlocal\Proyecto3\ProyectoBasico\Dependencies\Ogre\Build\ZZIPlib-master\CMakeFiles\CMakeTmp\Debug\".
  Creando directorio "cmTC_aa789.dir\Debug\cmTC_aa789.tlog\".
InitializeBuildStatus:
  Se creará "cmTC_aa789.dir\Debug\cmTC_aa789.tlog\unsuccessfulbuild" porque se especificó "AlwaysCreate".
ClCompile:
  C:\software\programacion\MSVStudio2013\VC\bin\CL.exe /c /Zi /W3 /WX- /Od /Ob0 /Oy- /D WIN32 /D _WINDOWS /D "CMAKE_INTDIR=\"Debug\"" /D _MBCS /Gm- /RTC1 /MDd /GS /fp:precise /Zc:wchar_t /Zc:forScope /Fo"cmTC_aa789.dir\Debug\\" /Fd"cmTC_aa789.dir\Debug\vc120.pdb" /Gd /TC /analyze- /errorReport:queue "C:\hlocal\Proyecto3\ProyectoBasico\Dependencies\Ogre\Build\ZZIPlib-master\CMakeFiles\CMakeTmp\CheckIncludeFiles.c"
  Compilador de optimización de C/C++ de Microsoft (R) versión 18.00.40629 para x86
  (C) Microsoft Corporation. Reservados todos los derechos.
  
  cl /c /Zi /W3 /WX- /Od /Ob0 /Oy- /D WIN32 /D _WINDOWS /D "CMAKE_INTDIR=\"Debug\"" /D _MBCS /Gm- /RTC1 /MDd /GS /fp:precise /Zc:wchar_t /Zc:forScope /Fo"cmTC_aa789.dir\Debug\\" /Fd"cmTC_aa789.dir\Debug\vc120.pdb" /Gd /TC /analyze- /errorReport:queue "C:\hlocal\Proyecto3\ProyectoBasico\Dependencies\Ogre\Build\ZZIPlib-master\CMakeFiles\CMakeTmp\CheckIncludeFiles.c"
  CheckIncludeFiles.c
C:\hlocal\Proyecto3\ProyectoBasico\Dependencies\Ogre\Build\ZZIPlib-master\CMakeFiles\CMakeTmp\CheckIncludeFiles.c(2): fatal error C1083: No se puede abrir el archivo incluir: 'sys/param.h': No such file or directory [C:\hlocal\Proyecto3\ProyectoBasico\Dependencies\Ogre\Build\ZZIPlib-master\CMakeFiles\CMakeTmp\cmTC_aa789.vcxproj]
  
Compilación del proyecto terminada "C:\hlocal\Proyecto3\ProyectoBasico\Dependencies\Ogre\Build\ZZIPlib-master\CMakeFiles\CMakeTmp\cmTC_aa789.vcxproj" (destinos predeterminados) -- ERROR.

ERROR al compilar.

"C:\hlocal\Proyecto3\ProyectoBasico\Dependencies\Ogre\Build\ZZIPlib-master\CMakeFiles\CMakeTmp\cmTC_aa789.vcxproj" (destino predeterminado) (1) ->
(ClCompile destino) -> 
  C:\hlocal\Proyecto3\ProyectoBasico\Dependencies\Ogre\Build\ZZIPlib-master\CMakeFiles\CMakeTmp\CheckIncludeFiles.c(2): fatal error C1083: No se puede abrir el archivo incluir: 'sys/param.h': No such file or directory [C:\hlocal\Proyecto3\ProyectoBasico\Dependencies\Ogre\Build\ZZIPlib-master\CMakeFiles\CMakeTmp\cmTC_aa789.vcxproj]

    0 Advertencia(s)
    1 Errores

Tiempo transcurrido 00:00:00.64

Source:
/* */
#include <sys/param.h>


int main(void){return 0;}

Determining if files unistd.h exist failed with the following output:
Change Dir: C:/hlocal/Proyecto3/ProyectoBasico/Dependencies/Ogre/Build/ZZIPlib-master/CMakeFiles/CMakeTmp

Run Build Command:"C:/Program Files (x86)/MSBuild/12.0/bin/MSBuild.exe" "cmTC_a597f.vcxproj" "/p:Configuration=Debug" "/p:VisualStudioVersion=12.0"
Microsoft (R) Build Engine, versión 12.0.40629.0
[Microsoft .NET Framework, versión 4.0.30319.42000]
Copyright (C) Microsoft Corporation. Todos los derechos reservados.

Compilación iniciada a las 21/02/2018 17:20:13.
Proyecto "C:\hlocal\Proyecto3\ProyectoBasico\Dependencies\Ogre\Build\ZZIPlib-master\CMakeFiles\CMakeTmp\cmTC_a597f.vcxproj" en nodo 1 (destinos predeterminados).
PrepareForBuild:
  Creando directorio "cmTC_a597f.dir\Debug\".
  Creando directorio "C:\hlocal\Proyecto3\ProyectoBasico\Dependencies\Ogre\Build\ZZIPlib-master\CMakeFiles\CMakeTmp\Debug\".
  Creando directorio "cmTC_a597f.dir\Debug\cmTC_a597f.tlog\".
InitializeBuildStatus:
  Se creará "cmTC_a597f.dir\Debug\cmTC_a597f.tlog\unsuccessfulbuild" porque se especificó "AlwaysCreate".
ClCompile:
  C:\software\programacion\MSVStudio2013\VC\bin\CL.exe /c /Zi /W3 /WX- /Od /Ob0 /Oy- /D WIN32 /D _WINDOWS /D "CMAKE_INTDIR=\"Debug\"" /D _MBCS /Gm- /RTC1 /MDd /GS /fp:precise /Zc:wchar_t /Zc:forScope /Fo"cmTC_a597f.dir\Debug\\" /Fd"cmTC_a597f.dir\Debug\vc120.pdb" /Gd /TC /analyze- /errorReport:queue "C:\hlocal\Proyecto3\ProyectoBasico\Dependencies\Ogre\Build\ZZIPlib-master\CMakeFiles\CMakeTmp\CheckIncludeFiles.c"
  Compilador de optimización de C/C++ de Microsoft (R) versión 18.00.40629 para x86
  (C) Microsoft Corporation. Reservados todos los derechos.
  
  cl /c /Zi /W3 /WX- /Od /Ob0 /Oy- /D WIN32 /D _WINDOWS /D "CMAKE_INTDIR=\"Debug\"" /D _MBCS /Gm- /RTC1 /MDd /GS /fp:precise /Zc:wchar_t /Zc:forScope /Fo"cmTC_a597f.dir\Debug\\" /Fd"cmTC_a597f.dir\Debug\vc120.pdb" /Gd /TC /analyze- /errorReport:queue "C:\hlocal\Proyecto3\ProyectoBasico\Dependencies\Ogre\Build\ZZIPlib-master\CMakeFiles\CMakeTmp\CheckIncludeFiles.c"
  CheckIncludeFiles.c
  
C:\hlocal\Proyecto3\ProyectoBasico\Dependencies\Ogre\Build\ZZIPlib-master\CMakeFiles\CMakeTmp\CheckIncludeFiles.c(2): fatal error C1083: No se puede abrir el archivo incluir: 'unistd.h': No such file or directory [C:\hlocal\Proyecto3\ProyectoBasico\Dependencies\Ogre\Build\ZZIPlib-master\CMakeFiles\CMakeTmp\cmTC_a597f.vcxproj]
Compilación del proyecto terminada "C:\hlocal\Proyecto3\ProyectoBasico\Dependencies\Ogre\Build\ZZIPlib-master\CMakeFiles\CMakeTmp\cmTC_a597f.vcxproj" (destinos predeterminados) -- ERROR.

ERROR al compilar.

"C:\hlocal\Proyecto3\ProyectoBasico\Dependencies\Ogre\Build\ZZIPlib-master\CMakeFiles\CMakeTmp\cmTC_a597f.vcxproj" (destino predeterminado) (1) ->
(ClCompile destino) -> 
  C:\hlocal\Proyecto3\ProyectoBasico\Dependencies\Ogre\Build\ZZIPlib-master\CMakeFiles\CMakeTmp\CheckIncludeFiles.c(2): fatal error C1083: No se puede abrir el archivo incluir: 'unistd.h': No such file or directory [C:\hlocal\Proyecto3\ProyectoBasico\Dependencies\Ogre\Build\ZZIPlib-master\CMakeFiles\CMakeTmp\cmTC_a597f.vcxproj]

    0 Advertencia(s)
    1 Errores

Tiempo transcurrido 00:00:00.62

Source:
/* */
#include <unistd.h>


int main(void){return 0;}

Determining if files winbase.h exist failed with the following output:
Change Dir: C:/hlocal/Proyecto3/ProyectoBasico/Dependencies/Ogre/Build/ZZIPlib-master/CMakeFiles/CMakeTmp

Run Build Command:"C:/Program Files (x86)/MSBuild/12.0/bin/MSBuild.exe" "cmTC_00e93.vcxproj" "/p:Configuration=Debug" "/p:VisualStudioVersion=12.0"
Microsoft (R) Build Engine, versión 12.0.40629.0
[Microsoft .NET Framework, versión 4.0.30319.42000]
Copyright (C) Microsoft Corporation. Todos los derechos reservados.

Compilación iniciada a las 21/02/2018 17:20:14.
Proyecto "C:\hlocal\Proyecto3\ProyectoBasico\Dependencies\Ogre\Build\ZZIPlib-master\CMakeFiles\CMakeTmp\cmTC_00e93.vcxproj" en nodo 1 (destinos predeterminados).
PrepareForBuild:
  Creando directorio "cmTC_00e93.dir\Debug\".
  Creando directorio "C:\hlocal\Proyecto3\ProyectoBasico\Dependencies\Ogre\Build\ZZIPlib-master\CMakeFiles\CMakeTmp\Debug\".
  Creando directorio "cmTC_00e93.dir\Debug\cmTC_00e93.tlog\".
InitializeBuildStatus:
  Se creará "cmTC_00e93.dir\Debug\cmTC_00e93.tlog\unsuccessfulbuild" porque se especificó "AlwaysCreate".
ClCompile:
  C:\software\programacion\MSVStudio2013\VC\bin\CL.exe /c /Zi /W3 /WX- /Od /Ob0 /Oy- /D WIN32 /D _WINDOWS /D "CMAKE_INTDIR=\"Debug\"" /D _MBCS /Gm- /RTC1 /MDd /GS /fp:precise /Zc:wchar_t /Zc:forScope /Fo"cmTC_00e93.dir\Debug\\" /Fd"cmTC_00e93.dir\Debug\vc120.pdb" /Gd /TC /analyze- /errorReport:queue "C:\hlocal\Proyecto3\ProyectoBasico\Dependencies\Ogre\Build\ZZIPlib-master\CMakeFiles\CMakeTmp\CheckIncludeFiles.c"
  Compilador de optimización de C/C++ de Microsoft (R) versión 18.00.40629 para x86
  (C) Microsoft Corporation. Reservados todos los derechos.
  
  cl /c /Zi /W3 /WX- /Od /Ob0 /Oy- /D WIN32 /D _WINDOWS /D "CMAKE_INTDIR=\"Debug\"" /D _MBCS /Gm- /RTC1 /MDd /GS /fp:precise /Zc:wchar_t /Zc:forScope /Fo"cmTC_00e93.dir\Debug\\" /Fd"cmTC_00e93.dir\Debug\vc120.pdb" /Gd /TC /analyze- /errorReport:queue "C:\hlocal\Proyecto3\ProyectoBasico\Dependencies\Ogre\Build\ZZIPlib-master\CMakeFiles\CMakeTmp\CheckIncludeFiles.c"
  CheckIncludeFiles.c
  
C:\Program Files (x86)\Windows Kits\8.1\Include\um\minwinbase.h(46): error C2016: C requiere que un elemento struct o union tenga al menos un miembro [C:\hlocal\Proyecto3\ProyectoBasico\Dependencies\Ogre\Build\ZZIPlib-master\CMakeFiles\CMakeTmp\cmTC_00e93.vcxproj]
C:\Program Files (x86)\Windows Kits\8.1\Include\um\minwinbase.h(46): error C2061: error de sintaxis : identificador 'DWORD' [C:\hlocal\Proyecto3\ProyectoBasico\Dependencies\Ogre\Build\ZZIPlib-master\CMakeFiles\CMakeTmp\cmTC_00e93.vcxproj]
C:\Program Files (x86)\Windows Kits\8.1\Include\um\minwinbase.h(47): error C2061: error de sintaxis : identificador 'lpSecurityDescriptor' [C:\hlocal\Proyecto3\ProyectoBasico\Dependencies\Ogre\Build\ZZIPlib-master\CMakeFiles\CMakeTmp\cmTC_00e93.vcxproj]
C:\Program Files (x86)\Windows Kits\8.1\Include\um\minwinbase.h(47): error C2059: error de sintaxis : ';' [C:\hlocal\Proyecto3\ProyectoBasico\Dependencies\Ogre\Build\ZZIPlib-master\CMakeFiles\CMakeTmp\cmTC_00e93.vcxproj]
C:\Program Files (x86)\Windows Kits\8.1\Include\um\minwinbase.h(48): error C2061: error de sintaxis : identificador 'bInheritHandle' [C:\hlocal\Proyecto3\ProyectoBasico\Dependencies\Ogre\Build\ZZIPlib-master\CMakeFiles\CMakeTmp\cmTC_00e93.vcxproj]
C:\Program Files (x86)\Windows Kits\8.1\Include\um\minwinbase.h(48): error C2059: error de sintaxis : ';' [C:\hlocal\Proyecto3\ProyectoBasico\Dependencies\Ogre\Build\ZZIPlib-master\CMakeFiles\CMakeTmp\cmTC_00e93.vcxproj]
C:\Program Files (x86)\Windows Kits\8.1\Include\um\minwinbase.h(49): error C2059: error de sintaxis : '}' [C:\hlocal\Proyecto3\ProyectoBasico\Dependencies\Ogre\Build\ZZIPlib-master\CMakeFiles\CMakeTmp\cmTC_00e93.vcxproj]
C:\Program Files (x86)\Windows Kits\8.1\Include\um\minwinbase.h(52): error C2016: C requiere que un elemento struct o union tenga al menos un miembro [C:\hlocal\Proyecto3\ProyectoBasico\Dependencies\Ogre\Build\ZZIPlib-master\CMakeFiles\CMakeTmp\cmTC_00e93.vcxproj]
C:\Program Files (x86)\Windows Kits\8.1\Include\um\minwinbase.h(52): error C2061: error de sintaxis : identificador 'ULONG_PTR' [C:\hlocal\Proyecto3\ProyectoBasico\Dependencies\Ogre\Build\ZZIPlib-master\CMakeFiles\CMakeTmp\cmTC_00e93.vcxproj]
C:\Program Files (x86)\Windows Kits\8.1\Include\um\minwinbase.h(53): error C2061: error de sintaxis : identificador 'InternalHigh' [C:\hlocal\Proyecto3\ProyectoBasico\Dependencies\Ogre\Build\ZZIPlib-master\CMakeFiles\CMakeTmp\cmTC_00e93.vcxproj]
C:\Program Files (x86)\Windows Kits\8.1\Include\um\minwinbase.h(53): error C2059: error de sintaxis : ';' [C:\hlocal\Proyecto3\ProyectoBasico\Dependencies\Ogre\Build\ZZIPlib-master\CMakeFiles\CMakeTmp\cmTC_00e93.vcxproj]
C:\Program Files (x86)\Windows Kits\8.1\Include\um\minwinbase.h(56): error C2016: C requiere que un elemento struct o union tenga al menos un miembro [C:\hlocal\Proyecto3\ProyectoBasico\Dependencies\Ogre\Build\ZZIPlib-master\CMakeFiles\CMakeTmp\cmTC_00e93.vcxproj]
C:\Program Files (x86)\Windows Kits\8.1\Include\um\minwinbase.h(56): error C2061: error de sintaxis : identificador 'DWORD' [C:\hlocal\Proyecto3\ProyectoBasico\Dependencies\Ogre\Build\ZZIPlib-master\CMakeFiles\CMakeTmp\cmTC_00e93.vcxproj]
C:\Program Files (x86)\Windows Kits\8.1\Include\um\minwinbase.h(57): error C2061: error de sintaxis : identificador 'OffsetHigh' [C:\hlocal\Proyecto3\ProyectoBasico\Dependencies\Ogre\Build\ZZIPlib-master\CMakeFiles\CMakeTmp\cmTC_00e93.vcxproj]
C:\Program Files (x86)\Windows Kits\8.1\Include\um\minwinbase.h(57): error C2059: error de sintaxis : ';' [C:\hlocal\Proyecto3\ProyectoBasico\Dependencies\Ogre\Build\ZZIPlib-master\CMakeFiles\CMakeTmp\cmTC_00e93.vcxproj]
C:\Program Files (x86)\Windows Kits\8.1\Include\um\minwinbase.h(58): error C2059: error de sintaxis : '}' [C:\hlocal\Proyecto3\ProyectoBasico\Dependencies\Ogre\Build\ZZIPlib-master\CMakeFiles\CMakeTmp\cmTC_00e93.vcxproj]
C:\Program Files (x86)\Windows Kits\8.1\Include\um\minwinbase.h(59): error C2061: error de sintaxis : identificador 'Pointer' [C:\hlocal\Proyecto3\ProyectoBasico\Dependencies\Ogre\Build\ZZIPlib-master\CMakeFiles\CMakeTmp\cmTC_00e93.vcxproj]
C:\Program Files (x86)\Windows Kits\8.1\Include\um\minwinbase.h(59): error C2059: error de sintaxis : ';' [C:\hlocal\Proyecto3\ProyectoBasico\Dependencies\Ogre\Build\ZZIPlib-master\CMakeFiles\CMakeTmp\cmTC_00e93.vcxproj]
C:\Program Files (x86)\Windows Kits\8.1\Include\um\minwinbase.h(60): error C2059: error de sintaxis : '}' [C:\hlocal\Proyecto3\ProyectoBasico\Dependencies\Ogre\Build\ZZIPlib-master\CMakeFiles\CMakeTmp\cmTC_00e93.vcxproj]
C:\Program Files (x86)\Windows Kits\8.1\Include\um\minwinbase.h(62): error C2061: error de sintaxis : identificador 'hEvent' [C:\hlocal\Proyecto3\ProyectoBasico\Dependencies\Ogre\Build\ZZIPlib-master\CMakeFiles\CMakeTmp\cmTC_00e93.vcxproj]
C:\Program Files (x86)\Windows Kits\8.1\Include\um\minwinbase.h(62): error C2059: error de sintaxis : ';' [C:\hlocal\Proyecto3\ProyectoBasico\Dependencies\Ogre\Build\ZZIPlib-master\CMakeFiles\CMakeTmp\cmTC_00e93.vcxproj]
C:\Program Files (x86)\Windows Kits\8.1\Include\um\minwinbase.h(63): error C2059: error de sintaxis : '}' [C:\hlocal\Proyecto3\ProyectoBasico\Dependencies\Ogre\Build\ZZIPlib-master\CMakeFiles\CMakeTmp\cmTC_00e93.vcxproj]
C:\Program Files (x86)\Windows Kits\8.1\Include\um\minwinbase.h(66): error C2016: C requiere que un elemento struct o union tenga al menos un miembro [C:\hlocal\Proyecto3\ProyectoBasico\Dependencies\Ogre\Build\ZZIPlib-master\CMakeFiles\CMakeTmp\cmTC_00e93.vcxproj]
C:\Program Files (x86)\Windows Kits\8.1\Include\um\minwinbase.h(66): error C2061: error de sintaxis : identificador 'ULONG_PTR' [C:\hlocal\Proyecto3\ProyectoBasico\Dependencies\Ogre\Build\ZZIPlib-master\CMakeFiles\CMakeTmp\cmTC_00e93.vcxproj]
C:\Program Files (x86)\Windows Kits\8.1\Include\um\minwinbase.h(67): error C2061: error de sintaxis : identificador 'lpOverlapped' [C:\hlocal\Proyecto3\ProyectoBasico\Dependencies\Ogre\Build\ZZIPlib-master\CMakeFiles\CMakeTmp\cmTC_00e93.vcxproj]
C:\Program Files (x86)\Windows Kits\8.1\Include\um\minwinbase.h(67): error C2059: error de sintaxis : ';' [C:\hlocal\Proyecto3\ProyectoBasico\Dependencies\Ogre\Build\ZZIPlib-master\CMakeFiles\CMakeTmp\cmTC_00e93.vcxproj]
C:\Program Files (x86)\Windows Kits\8.1\Include\um\minwinbase.h(68): error C2061: error de sintaxis : identificador 'Internal' [C:\hlocal\Proyecto3\ProyectoBasico\Dependencies\Ogre\Build\ZZIPlib-master\CMakeFiles\CMakeTmp\cmTC_00e93.vcxproj]
C:\Program Files (x86)\Windows Kits\8.1\Include\um\minwinbase.h(68): error C2059: error de sintaxis : ';' [C:\hlocal\Proyecto3\ProyectoBasico\Dependencies\Ogre\Build\ZZIPlib-master\CMakeFiles\CMakeTmp\cmTC_00e93.vcxproj]
C:\Program Files (x86)\Windows Kits\8.1\Include\um\minwinbase.h(69): error C2061: error de sintaxis : identificador 'dwNumberOfBytesTransferred' [C:\hlocal\Proyecto3\ProyectoBasico\Dependencies\Ogre\Build\ZZIPlib-master\CMakeFiles\CMakeTmp\cmTC_00e93.vcxproj]
C:\Program Files (x86)\Windows Kits\8.1\Include\um\minwinbase.h(69): error C2059: error de sintaxis : ';' [C:\hlocal\Proyecto3\ProyectoBasico\Dependencies\Ogre\Build\ZZIPlib-master\CMakeFiles\CMakeTmp\cmTC_00e93.vcxproj]
C:\Program Files (x86)\Windows Kits\8.1\Include\um\minwinbase.h(70): error C2059: error de sintaxis : '}' [C:\hlocal\Proyecto3\ProyectoBasico\Dependencies\Ogre\Build\ZZIPlib-master\CMakeFiles\CMakeTmp\cmTC_00e93.vcxproj]
C:\Program Files (x86)\Windows Kits\8.1\Include\um\minwinbase.h(80): error C2016: C requiere que un elemento struct o union tenga al menos un miembro [C:\hlocal\Proyecto3\ProyectoBasico\Dependencies\Ogre\Build\ZZIPlib-master\CMakeFiles\CMakeTmp\cmTC_00e93.vcxproj]
C:\Program Files (x86)\Windows Kits\8.1\Include\um\minwinbase.h(80): error C2061: error de sintaxis : identificador 'DWORD' [C:\hlocal\Proyecto3\ProyectoBasico\Dependencies\Ogre\Build\ZZIPlib-master\CMakeFiles\CMakeTmp\cmTC_00e93.vcxproj]
C:\Program Files (x86)\Windows Kits\8.1\Include\um\minwinbase.h(81): error C2061: error de sintaxis : identificador 'dwHighDateTime' [C:\hlocal\Proyecto3\ProyectoBasico\Dependencies\Ogre\Build\ZZIPlib-master\CMakeFiles\CMakeTmp\cmTC_00e93.vcxproj]
C:\Program Files (x86)\Windows Kits\8.1\Include\um\minwinbase.h(81): error C2059: error de sintaxis : ';' [C:\hlocal\Proyecto3\ProyectoBasico\Dependencies\Ogre\Build\ZZIPlib-master\CMakeFiles\CMakeTmp\cmTC_00e93.vcxproj]
C:\Program Files (x86)\Windows Kits\8.1\Include\um\minwinbase.h(82): error C2059: error de sintaxis : '}' [C:\hlocal\Proyecto3\ProyectoBasico\Dependencies\Ogre\Build\ZZIPlib-master\CMakeFiles\CMakeTmp\cmTC_00e93.vcxproj]
C:\Program Files (x86)\Windows Kits\8.1\Include\um\minwinbase.h(90): error C2016: C requiere que un elemento struct o union tenga al menos un miembro [C:\hlocal\Proyecto3\ProyectoBasico\Dependencies\Ogre\Build\ZZIPlib-master\CMakeFiles\CMakeTmp\cmTC_00e93.vcxproj]
C:\Program Files (x86)\Windows Kits\8.1\Include\um\minwinbase.h(90): error C2061: error de sintaxis : identificador 'WORD' [C:\hlocal\Proyecto3\ProyectoBasico\Dependencies\Ogre\Build\ZZIPlib-master\CMakeFiles\CMakeTmp\cmTC_00e93.vcxproj]
C:\Program Files (x86)\Windows Kits\8.1\Include\um\minwinbase.h(91): error C2061: error de sintaxis : identificador 'wMonth' [C:\hlocal\Proyecto3\ProyectoBasico\Dependencies\Ogre\Build\ZZIPlib-master\CMakeFiles\CMakeTmp\cmTC_00e93.vcxproj]
C:\Program Files (x86)\Windows Kits\8.1\Include\um\minwinbase.h(91): error C2059: error de sintaxis : ';' [C:\hlocal\Proyecto3\ProyectoBasico\Dependencies\Ogre\Build\ZZIPlib-master\CMakeFiles\CMakeTmp\cmTC_00e93.vcxproj]
C:\Program Files (x86)\Windows Kits\8.1\Include\um\minwinbase.h(92): error C2061: error de sintaxis : identificador 'wDayOfWeek' [C:\hlocal\Proyecto3\ProyectoBasico\Dependencies\Ogre\Build\ZZIPlib-master\CMakeFiles\CMakeTmp\cmTC_00e93.vcxproj]
C:\Program Files (x86)\Windows Kits\8.1\Include\um\minwinbase.h(92): error C2059: error de sintaxis : ';' [C:\hlocal\Proyecto3\ProyectoBasico\Dependencies\Ogre\Build\ZZIPlib-master\CMakeFiles\CMakeTmp\cmTC_00e93.vcxproj]
C:\Program Files (x86)\Windows Kits\8.1\Include\um\minwinbase.h(93): error C2061: error de sintaxis : identificador 'wDay' [C:\hlocal\Proyecto3\ProyectoBasico\Dependencies\Ogre\Build\ZZIPlib-master\CMakeFiles\CMakeTmp\cmTC_00e93.vcxproj]
C:\Program Files (x86)\Windows Kits\8.1\Include\um\minwinbase.h(93): error C2059: error de sintaxis : ';' [C:\hlocal\Proyecto3\ProyectoBasico\Dependencies\Ogre\Build\ZZIPlib-master\CMakeFiles\CMakeTmp\cmTC_00e93.vcxproj]
C:\Program Files (x86)\Windows Kits\8.1\Include\um\minwinbase.h(94): error C2061: error de sintaxis : identificador 'wHour' [C:\hlocal\Proyecto3\ProyectoBasico\Dependencies\Ogre\Build\ZZIPlib-master\CMakeFiles\CMakeTmp\cmTC_00e93.vcxproj]
C:\Program Files (x86)\Windows Kits\8.1\Include\um\minwinbase.h(94): error C2059: error de sintaxis : ';' [C:\hlocal\Proyecto3\ProyectoBasico\Dependencies\Ogre\Build\ZZIPlib-master\CMakeFiles\CMakeTmp\cmTC_00e93.vcxproj]
C:\Program Files (x86)\Windows Kits\8.1\Include\um\minwinbase.h(95): error C2061: error de sintaxis : identificador 'wMinute' [C:\hlocal\Proyecto3\ProyectoBasico\Dependencies\Ogre\Build\ZZIPlib-master\CMakeFiles\CMakeTmp\cmTC_00e93.vcxproj]
C:\Program Files (x86)\Windows Kits\8.1\Include\um\minwinbase.h(95): error C2059: error de sintaxis : ';' [C:\hlocal\Proyecto3\ProyectoBasico\Dependencies\Ogre\Build\ZZIPlib-master\CMakeFiles\CMakeTmp\cmTC_00e93.vcxproj]
C:\Program Files (x86)\Windows Kits\8.1\Include\um\minwinbase.h(96): error C2061: error de sintaxis : identificador 'wSecond' [C:\hlocal\Proyecto3\ProyectoBasico\Dependencies\Ogre\Build\ZZIPlib-master\CMakeFiles\CMakeTmp\cmTC_00e93.vcxproj]
C:\Program Files (x86)\Windows Kits\8.1\Include\um\minwinbase.h(96): error C2059: error de sintaxis : ';' [C:\hlocal\Proyecto3\ProyectoBasico\Dependencies\Ogre\Build\ZZIPlib-master\CMakeFiles\CMakeTmp\cmTC_00e93.vcxproj]
C:\Program Files (x86)\Windows Kits\8.1\Include\um\minwinbase.h(97): error C2061: error de sintaxis : identificador 'wMilliseconds' [C:\hlocal\Proyecto3\ProyectoBasico\Dependencies\Ogre\Build\ZZIPlib-master\CMakeFiles\CMakeTmp\cmTC_00e93.vcxproj]
C:\Program Files (x86)\Windows Kits\8.1\Include\um\minwinbase.h(97): error C2059: error de sintaxis : ';' [C:\hlocal\Proyecto3\ProyectoBasico\Dependencies\Ogre\Build\ZZIPlib-master\CMakeFiles\CMakeTmp\cmTC_00e93.vcxproj]
C:\Program Files (x86)\Windows Kits\8.1\Include\um\minwinbase.h(98): error C2059: error de sintaxis : '}' [C:\hlocal\Proyecto3\ProyectoBasico\Dependencies\Ogre\Build\ZZIPlib-master\CMakeFiles\CMakeTmp\cmTC_00e93.vcxproj]
C:\Program Files (x86)\Windows Kits\8.1\Include\um\minwinbase.h(102): error C2016: C requiere que un elemento struct o union tenga al menos un miembro [C:\hlocal\Proyecto3\ProyectoBasico\Dependencies\Ogre\Build\ZZIPlib-master\CMakeFiles\CMakeTmp\cmTC_00e93.vcxproj]
C:\Program Files (x86)\Windows Kits\8.1\Include\um\minwinbase.h(102): error C2061: error de sintaxis : identificador 'DWORD' [C:\hlocal\Proyecto3\ProyectoBasico\Dependencies\Ogre\Build\ZZIPlib-master\CMakeFiles\CMakeTmp\cmTC_00e93.vcxproj]
C:\Program Files (x86)\Windows Kits\8.1\Include\um\minwinbase.h(103): error C2061: error de sintaxis : identificador 'ftCreationTime' [C:\hlocal\Proyecto3\ProyectoBasico\Dependencies\Ogre\Build\ZZIPlib-master\CMakeFiles\CMakeTmp\cmTC_00e93.vcxproj]
C:\Program Files (x86)\Windows Kits\8.1\Include\um\minwinbase.h(103): error C2059: error de sintaxis : ';' [C:\hlocal\Proyecto3\ProyectoBasico\Dependencies\Ogre\Build\ZZIPlib-master\CMakeFiles\CMakeTmp\cmTC_00e93.vcxproj]
C:\Program Files (x86)\Windows Kits\8.1\Include\um\minwinbase.h(104): error C2061: error de sintaxis : identificador 'ftLastAccessTime' [C:\hlocal\Proyecto3\ProyectoBasico\Dependencies\Ogre\Build\ZZIPlib-master\CMakeFiles\CMakeTmp\cmTC_00e93.vcxproj]
C:\Program Files (x86)\Windows Kits\8.1\Include\um\minwinbase.h(104): error C2059: error de sintaxis : ';' [C:\hlocal\Proyecto3\ProyectoBasico\Dependencies\Ogre\Build\ZZIPlib-master\CMakeFiles\CMakeTmp\cmTC_00e93.vcxproj]
C:\Program Files (x86)\Windows Kits\8.1\Include\um\minwinbase.h(105): error C2061: error de sintaxis : identificador 'ftLastWriteTime' [C:\hlocal\Proyecto3\ProyectoBasico\Dependencies\Ogre\Build\ZZIPlib-master\CMakeFiles\CMakeTmp\cmTC_00e93.vcxproj]
C:\Program Files (x86)\Windows Kits\8.1\Include\um\minwinbase.h(105): error C2059: error de sintaxis : ';' [C:\hlocal\Proyecto3\ProyectoBasico\Dependencies\Ogre\Build\ZZIPlib-master\CMakeFiles\CMakeTmp\cmTC_00e93.vcxproj]
C:\Program Files (x86)\Windows Kits\8.1\Include\um\minwinbase.h(106): error C2061: error de sintaxis : identificador 'nFileSizeHigh' [C:\hlocal\Proyecto3\ProyectoBasico\Dependencies\Ogre\Build\ZZIPlib-master\CMakeFiles\CMakeTmp\cmTC_00e93.vcxproj]
C:\Program Files (x86)\Windows Kits\8.1\Include\um\minwinbase.h(106): error C2059: error de sintaxis : ';' [C:\hlocal\Proyecto3\ProyectoBasico\Dependencies\Ogre\Build\ZZIPlib-master\CMakeFiles\CMakeTmp\cmTC_00e93.vcxproj]
C:\Program Files (x86)\Windows Kits\8.1\Include\um\minwinbase.h(107): error C2061: error de sintaxis : identificador 'nFileSizeLow' [C:\hlocal\Proyecto3\ProyectoBasico\Dependencies\Ogre\Build\ZZIPlib-master\CMakeFiles\CMakeTmp\cmTC_00e93.vcxproj]
C:\Program Files (x86)\Windows Kits\8.1\Include\um\minwinbase.h(107): error C2059: error de sintaxis : ';' [C:\hlocal\Proyecto3\ProyectoBasico\Dependencies\Ogre\Build\ZZIPlib-master\CMakeFiles\CMakeTmp\cmTC_00e93.vcxproj]
C:\Program Files (x86)\Windows Kits\8.1\Include\um\minwinbase.h(108): error C2061: error de sintaxis : identificador 'dwReserved0' [C:\hlocal\Proyecto3\ProyectoBasico\Dependencies\Ogre\Build\ZZIPlib-master\CMakeFiles\CMakeTmp\cmTC_00e93.vcxproj]
C:\Program Files (x86)\Windows Kits\8.1\Include\um\minwinbase.h(108): error C2059: error de sintaxis : ';' [C:\hlocal\Proyecto3\ProyectoBasico\Dependencies\Ogre\Build\ZZIPlib-master\CMakeFiles\CMakeTmp\cmTC_00e93.vcxproj]
C:\Program Files (x86)\Windows Kits\8.1\Include\um\minwinbase.h(109): error C2061: error de sintaxis : identificador 'dwReserved1' [C:\hlocal\Proyecto3\ProyectoBasico\Dependencies\Ogre\Build\ZZIPlib-master\CMakeFiles\CMakeTmp\cmTC_00e93.vcxproj]
C:\Program Files (x86)\Windows Kits\8.1\Include\um\minwinbase.h(109): error C2059: error de sintaxis : ';' [C:\hlocal\Proyecto3\ProyectoBasico\Dependencies\Ogre\Build\ZZIPlib-master\CMakeFiles\CMakeTmp\cmTC_00e93.vcxproj]
C:\Program Files (x86)\Windows Kits\8.1\Include\um\minwinbase.h(110): error C2061: error de sintaxis : identificador 'CHAR' [C:\hlocal\Proyecto3\ProyectoBasico\Dependencies\Ogre\Build\ZZIPlib-master\CMakeFiles\CMakeTmp\cmTC_00e93.vcxproj]
C:\Program Files (x86)\Windows Kits\8.1\Include\um\minwinbase.h(110): error C2059: error de sintaxis : ';' [C:\hlocal\Proyecto3\ProyectoBasico\Dependencies\Ogre\Build\ZZIPlib-master\CMakeFiles\CMakeTmp\cmTC_00e93.vcxproj]
C:\Program Files (x86)\Windows Kits\8.1\Include\um\minwinbase.h(110): error C2065: 'MAX_PATH' : identificador no declarado [C:\hlocal\Proyecto3\ProyectoBasico\Dependencies\Ogre\Build\ZZIPlib-master\CMakeFiles\CMakeTmp\cmTC_00e93.vcxproj]
C:\Program Files (x86)\Windows Kits\8.1\Include\um\minwinbase.h(110): error C2057: se esperaba una expresión constante [C:\hlocal\Proyecto3\ProyectoBasico\Dependencies\Ogre\Build\ZZIPlib-master\CMakeFiles\CMakeTmp\cmTC_00e93.vcxproj]
C:\Program Files (x86)\Windows Kits\8.1\Include\um\minwinbase.h(110): error C2133: 'cFileName' : tamaño desconocido [C:\hlocal\Proyecto3\ProyectoBasico\Dependencies\Ogre\Build\ZZIPlib-master\CMakeFiles\CMakeTmp\cmTC_00e93.vcxproj]
C:\Program Files (x86)\Windows Kits\8.1\Include\um\minwinbase.h(111): error C2061: error de sintaxis : identificador 'CHAR' [C:\hlocal\Proyecto3\ProyectoBasico\Dependencies\Ogre\Build\ZZIPlib-master\CMakeFiles\CMakeTmp\cmTC_00e93.vcxproj]
C:\Program Files (x86)\Windows Kits\8.1\Include\um\minwinbase.h(111): error C2059: error de sintaxis : ';' [C:\hlocal\Proyecto3\ProyectoBasico\Dependencies\Ogre\Build\ZZIPlib-master\CMakeFiles\CMakeTmp\cmTC_00e93.vcxproj]
C:\Program Files (x86)\Windows Kits\8.1\Include\um\minwinbase.h(117): error C2059: error de sintaxis : '}' [C:\hlocal\Proyecto3\ProyectoBasico\Dependencies\Ogre\Build\ZZIPlib-master\CMakeFiles\CMakeTmp\cmTC_00e93.vcxproj]
C:\Program Files (x86)\Windows Kits\8.1\Include\um\minwinbase.h(119): error C2016: C requiere que un elemento struct o union tenga al menos un miembro [C:\hlocal\Proyecto3\ProyectoBasico\Dependencies\Ogre\Build\ZZIPlib-master\CMakeFiles\CMakeTmp\cmTC_00e93.vcxproj]
C:\Program Files (x86)\Windows Kits\8.1\Include\um\minwinbase.h(119): error C2061: error de sintaxis : identificador 'DWORD' [C:\hlocal\Proyecto3\ProyectoBasico\Dependencies\Ogre\Build\ZZIPlib-master\CMakeFiles\CMakeTmp\cmTC_00e93.vcxproj]
C:\Program Files (x86)\Windows Kits\8.1\Include\um\minwinbase.h(120): error C2061: error de sintaxis : identificador 'ftCreationTime' [C:\hlocal\Proyecto3\ProyectoBasico\Dependencies\Ogre\Build\ZZIPlib-master\CMakeFiles\CMakeTmp\cmTC_00e93.vcxproj]
C:\Program Files (x86)\Windows Kits\8.1\Include\um\minwinbase.h(120): error C2059: error de sintaxis : ';' [C:\hlocal\Proyecto3\ProyectoBasico\Dependencies\Ogre\Build\ZZIPlib-master\CMakeFiles\CMakeTmp\cmTC_00e93.vcxproj]
C:\Program Files (x86)\Windows Kits\8.1\Include\um\minwinbase.h(121): error C2061: error de sintaxis : identificador 'ftLastAccessTime' [C:\hlocal\Proyecto3\ProyectoBasico\Dependencies\Ogre\Build\ZZIPlib-master\CMakeFiles\CMakeTmp\cmTC_00e93.vcxproj]
C:\Program Files (x86)\Windows Kits\8.1\Include\um\minwinbase.h(121): error C2059: error de sintaxis : ';' [C:\hlocal\Proyecto3\ProyectoBasico\Dependencies\Ogre\Build\ZZIPlib-master\CMakeFiles\CMakeTmp\cmTC_00e93.vcxproj]
C:\Program Files (x86)\Windows Kits\8.1\Include\um\minwinbase.h(122): error C2061: error de sintaxis : identificador 'ftLastWriteTime' [C:\hlocal\Proyecto3\ProyectoBasico\Dependencies\Ogre\Build\ZZIPlib-master\CMakeFiles\CMakeTmp\cmTC_00e93.vcxproj]
C:\Program Files (x86)\Windows Kits\8.1\Include\um\minwinbase.h(122): error C2059: error de sintaxis : ';' [C:\hlocal\Proyecto3\ProyectoBasico\Dependencies\Ogre\Build\ZZIPlib-master\CMakeFiles\CMakeTmp\cmTC_00e93.vcxproj]
C:\Program Files (x86)\Windows Kits\8.1\Include\um\minwinbase.h(123): error C2061: error de sintaxis : identificador 'nFileSizeHigh' [C:\hlocal\Proyecto3\ProyectoBasico\Dependencies\Ogre\Build\ZZIPlib-master\CMakeFiles\CMakeTmp\cmTC_00e93.vcxproj]
C:\Program Files (x86)\Windows Kits\8.1\Include\um\minwinbase.h(123): error C2059: error de sintaxis : ';' [C:\hlocal\Proyecto3\ProyectoBasico\Dependencies\Ogre\Build\ZZIPlib-master\CMakeFiles\CMakeTmp\cmTC_00e93.vcxproj]
C:\Program Files (x86)\Windows Kits\8.1\Include\um\minwinbase.h(124): error C2061: error de sintaxis : identificador 'nFileSizeLow' [C:\hlocal\Proyecto3\ProyectoBasico\Dependencies\Ogre\Build\ZZIPlib-master\CMakeFiles\CMakeTmp\cmTC_00e93.vcxproj]
C:\Program Files (x86)\Windows Kits\8.1\Include\um\minwinbase.h(124): error C2059: error de sintaxis : ';' [C:\hlocal\Proyecto3\ProyectoBasico\Dependencies\Ogre\Build\ZZIPlib-master\CMakeFiles\CMakeTmp\cmTC_00e93.vcxproj]
C:\Program Files (x86)\Windows Kits\8.1\Include\um\minwinbase.h(125): error C2061: error de sintaxis : identificador 'dwReserved0' [C:\hlocal\Proyecto3\ProyectoBasico\Dependencies\Ogre\Build\ZZIPlib-master\CMakeFiles\CMakeTmp\cmTC_00e93.vcxproj]
C:\Program Files (x86)\Windows Kits\8.1\Include\um\minwinbase.h(125): error C2059: error de sintaxis : ';' [C:\hlocal\Proyecto3\ProyectoBasico\Dependencies\Ogre\Build\ZZIPlib-master\CMakeFiles\CMakeTmp\cmTC_00e93.vcxproj]
C:\Program Files (x86)\Windows Kits\8.1\Include\um\minwinbase.h(126): error C2061: error de sintaxis : identificador 'dwReserved1' [C:\hlocal\Proyecto3\ProyectoBasico\Dependencies\Ogre\Build\ZZIPlib-master\CMakeFiles\CMakeTmp\cmTC_00e93.vcxproj]
C:\Program Files (x86)\Windows Kits\8.1\Include\um\minwinbase.h(126): error C2059: error de sintaxis : ';' [C:\hlocal\Proyecto3\ProyectoBasico\Dependencies\Ogre\Build\ZZIPlib-master\CMakeFiles\CMakeTmp\cmTC_00e93.vcxproj]
C:\Program Files (x86)\Windows Kits\8.1\Include\um\minwinbase.h(127): error C2061: error de sintaxis : identificador 'WCHAR' [C:\hlocal\Proyecto3\ProyectoBasico\Dependencies\Ogre\Build\ZZIPlib-master\CMakeFiles\CMakeTmp\cmTC_00e93.vcxproj]
C:\Program Files (x86)\Windows Kits\8.1\Include\um\minwinbase.h(127): error C2059: error de sintaxis : ';' [C:\hlocal\Proyecto3\ProyectoBasico\Dependencies\Ogre\Build\ZZIPlib-master\CMakeFiles\CMakeTmp\cmTC_00e93.vcxproj]
C:\Program Files (x86)\Windows Kits\8.1\Include\um\minwinbase.h(127): error C2065: 'MAX_PATH' : identificador no declarado [C:\hlocal\Proyecto3\ProyectoBasico\Dependencies\Ogre\Build\ZZIPlib-master\CMakeFiles\CMakeTmp\cmTC_00e93.vcxproj]
C:\Program Files (x86)\Windows Kits\8.1\Include\um\minwinbase.h(127): error C2057: se esperaba una expresión constante [C:\hlocal\Proyecto3\ProyectoBasico\Dependencies\Ogre\Build\ZZIPlib-master\CMakeFiles\CMakeTmp\cmTC_00e93.vcxproj]
C:\Program Files (x86)\Windows Kits\8.1\Include\um\minwinbase.h(127): error C2133: 'cFileName' : tamaño desconocido [C:\hlocal\Proyecto3\ProyectoBasico\Dependencies\Ogre\Build\ZZIPlib-master\CMakeFiles\CMakeTmp\cmTC_00e93.vcxproj]
C:\Program Files (x86)\Windows Kits\8.1\Include\um\minwinbase.h(128): error C2061: error de sintaxis : identificador 'WCHAR' [C:\hlocal\Proyecto3\ProyectoBasico\Dependencies\Ogre\Build\ZZIPlib-master\CMakeFiles\CMakeTmp\cmTC_00e93.vcxproj]
C:\Program Files (x86)\Windows Kits\8.1\Include\um\minwinbase.h(128): error C2059: error de sintaxis : ';' [C:\hlocal\Proyecto3\ProyectoBasico\Dependencies\Ogre\Build\ZZIPlib-master\CMakeFiles\CMakeTmp\cmTC_00e93.vcxproj]
C:\Program Files (x86)\Windows Kits\8.1\Include\um\minwinbase.h(134): error C2059: error de sintaxis : '}' [C:\hlocal\Proyecto3\ProyectoBasico\Dependencies\Ogre\Build\ZZIPlib-master\CMakeFiles\CMakeTmp\cmTC_00e93.vcxproj]
C:\Program Files (x86)\Windows Kits\8.1\Include\um\minwinbase.h(134): fatal error C1003: el recuento de errores supera 100; se detiene la compilación [C:\hlocal\Proyecto3\ProyectoBasico\Dependencies\Ogre\Build\ZZIPlib-master\CMakeFiles\CMakeTmp\cmTC_00e93.vcxproj]
Compilación del proyecto terminada "C:\hlocal\Proyecto3\ProyectoBasico\Dependencies\Ogre\Build\ZZIPlib-master\CMakeFiles\CMakeTmp\cmTC_00e93.vcxproj" (destinos predeterminados) -- ERROR.

ERROR al compilar.

"C:\hlocal\Proyecto3\ProyectoBasico\Dependencies\Ogre\Build\ZZIPlib-master\CMakeFiles\CMakeTmp\cmTC_00e93.vcxproj" (destino predeterminado) (1) ->
(ClCompile destino) -> 
  C:\Program Files (x86)\Windows Kits\8.1\Include\um\minwinbase.h(46): error C2016: C requiere que un elemento struct o union tenga al menos un miembro [C:\hlocal\Proyecto3\ProyectoBasico\Dependencies\Ogre\Build\ZZIPlib-master\CMakeFiles\CMakeTmp\cmTC_00e93.vcxproj]
  C:\Program Files (x86)\Windows Kits\8.1\Include\um\minwinbase.h(46): error C2061: error de sintaxis : identificador 'DWORD' [C:\hlocal\Proyecto3\ProyectoBasico\Dependencies\Ogre\Build\ZZIPlib-master\CMakeFiles\CMakeTmp\cmTC_00e93.vcxproj]
  C:\Program Files (x86)\Windows Kits\8.1\Include\um\minwinbase.h(47): error C2061: error de sintaxis : identificador 'lpSecurityDescriptor' [C:\hlocal\Proyecto3\ProyectoBasico\Dependencies\Ogre\Build\ZZIPlib-master\CMakeFiles\CMakeTmp\cmTC_00e93.vcxproj]
  C:\Program Files (x86)\Windows Kits\8.1\Include\um\minwinbase.h(47): error C2059: error de sintaxis : ';' [C:\hlocal\Proyecto3\ProyectoBasico\Dependencies\Ogre\Build\ZZIPlib-master\CMakeFiles\CMakeTmp\cmTC_00e93.vcxproj]
  C:\Program Files (x86)\Windows Kits\8.1\Include\um\minwinbase.h(48): error C2061: error de sintaxis : identificador 'bInheritHandle' [C:\hlocal\Proyecto3\ProyectoBasico\Dependencies\Ogre\Build\ZZIPlib-master\CMakeFiles\CMakeTmp\cmTC_00e93.vcxproj]
  C:\Program Files (x86)\Windows Kits\8.1\Include\um\minwinbase.h(48): error C2059: error de sintaxis : ';' [C:\hlocal\Proyecto3\ProyectoBasico\Dependencies\Ogre\Build\ZZIPlib-master\CMakeFiles\CMakeTmp\cmTC_00e93.vcxproj]
  C:\Program Files (x86)\Windows Kits\8.1\Include\um\minwinbase.h(49): error C2059: error de sintaxis : '}' [C:\hlocal\Proyecto3\ProyectoBasico\Dependencies\Ogre\Build\ZZIPlib-master\CMakeFiles\CMakeTmp\cmTC_00e93.vcxproj]
  C:\Program Files (x86)\Windows Kits\8.1\Include\um\minwinbase.h(52): error C2016: C requiere que un elemento struct o union tenga al menos un miembro [C:\hlocal\Proyecto3\ProyectoBasico\Dependencies\Ogre\Build\ZZIPlib-master\CMakeFiles\CMakeTmp\cmTC_00e93.vcxproj]
  C:\Program Files (x86)\Windows Kits\8.1\Include\um\minwinbase.h(52): error C2061: error de sintaxis : identificador 'ULONG_PTR' [C:\hlocal\Proyecto3\ProyectoBasico\Dependencies\Ogre\Build\ZZIPlib-master\CMakeFiles\CMakeTmp\cmTC_00e93.vcxproj]
  C:\Program Files (x86)\Windows Kits\8.1\Include\um\minwinbase.h(53): error C2061: error de sintaxis : identificador 'InternalHigh' [C:\hlocal\Proyecto3\ProyectoBasico\Dependencies\Ogre\Build\ZZIPlib-master\CMakeFiles\CMakeTmp\cmTC_00e93.vcxproj]
  C:\Program Files (x86)\Windows Kits\8.1\Include\um\minwinbase.h(53): error C2059: error de sintaxis : ';' [C:\hlocal\Proyecto3\ProyectoBasico\Dependencies\Ogre\Build\ZZIPlib-master\CMakeFiles\CMakeTmp\cmTC_00e93.vcxproj]
  C:\Program Files (x86)\Windows Kits\8.1\Include\um\minwinbase.h(56): error C2016: C requiere que un elemento struct o union tenga al menos un miembro [C:\hlocal\Proyecto3\ProyectoBasico\Dependencies\Ogre\Build\ZZIPlib-master\CMakeFiles\CMakeTmp\cmTC_00e93.vcxproj]
  C:\Program Files (x86)\Windows Kits\8.1\Include\um\minwinbase.h(56): error C2061: error de sintaxis : identificador 'DWORD' [C:\hlocal\Proyecto3\ProyectoBasico\Dependencies\Ogre\Build\ZZIPlib-master\CMakeFiles\CMakeTmp\cmTC_00e93.vcxproj]
  C:\Program Files (x86)\Windows Kits\8.1\Include\um\minwinbase.h(57): error C2061: error de sintaxis : identificador 'OffsetHigh' [C:\hlocal\Proyecto3\ProyectoBasico\Dependencies\Ogre\Build\ZZIPlib-master\CMakeFiles\CMakeTmp\cmTC_00e93.vcxproj]
  C:\Program Files (x86)\Windows Kits\8.1\Include\um\minwinbase.h(57): error C2059: error de sintaxis : ';' [C:\hlocal\Proyecto3\ProyectoBasico\Dependencies\Ogre\Build\ZZIPlib-master\CMakeFiles\CMakeTmp\cmTC_00e93.vcxproj]
  C:\Program Files (x86)\Windows Kits\8.1\Include\um\minwinbase.h(58): error C2059: error de sintaxis : '}' [C:\hlocal\Proyecto3\ProyectoBasico\Dependencies\Ogre\Build\ZZIPlib-master\CMakeFiles\CMakeTmp\cmTC_00e93.vcxproj]
  C:\Program Files (x86)\Windows Kits\8.1\Include\um\minwinbase.h(59): error C2061: error de sintaxis : identificador 'Pointer' [C:\hlocal\Proyecto3\ProyectoBasico\Dependencies\Ogre\Build\ZZIPlib-master\CMakeFiles\CMakeTmp\cmTC_00e93.vcxproj]
  C:\Program Files (x86)\Windows Kits\8.1\Include\um\minwinbase.h(59): error C2059: error de sintaxis : ';' [C:\hlocal\Proyecto3\ProyectoBasico\Dependencies\Ogre\Build\ZZIPlib-master\CMakeFiles\CMakeTmp\cmTC_00e93.vcxproj]
  C:\Program Files (x86)\Windows Kits\8.1\Include\um\minwinbase.h(60): error C2059: error de sintaxis : '}' [C:\hlocal\Proyecto3\ProyectoBasico\Dependencies\Ogre\Build\ZZIPlib-master\CMakeFiles\CMakeTmp\cmTC_00e93.vcxproj]
  C:\Program Files (x86)\Windows Kits\8.1\Include\um\minwinbase.h(62): error C2061: error de sintaxis : identificador 'hEvent' [C:\hlocal\Proyecto3\ProyectoBasico\Dependencies\Ogre\Build\ZZIPlib-master\CMakeFiles\CMakeTmp\cmTC_00e93.vcxproj]
  C:\Program Files (x86)\Windows Kits\8.1\Include\um\minwinbase.h(62): error C2059: error de sintaxis : ';' [C:\hlocal\Proyecto3\ProyectoBasico\Dependencies\Ogre\Build\ZZIPlib-master\CMakeFiles\CMakeTmp\cmTC_00e93.vcxproj]
  C:\Program Files (x86)\Windows Kits\8.1\Include\um\minwinbase.h(63): error C2059: error de sintaxis : '}' [C:\hlocal\Proyecto3\ProyectoBasico\Dependencies\Ogre\Build\ZZIPlib-master\CMakeFiles\CMakeTmp\cmTC_00e93.vcxproj]
  C:\Program Files (x86)\Windows Kits\8.1\Include\um\minwinbase.h(66): error C2016: C requiere que un elemento struct o union tenga al menos un miembro [C:\hlocal\Proyecto3\ProyectoBasico\Dependencies\Ogre\Build\ZZIPlib-master\CMakeFiles\CMakeTmp\cmTC_00e93.vcxproj]
  C:\Program Files (x86)\Windows Kits\8.1\Include\um\minwinbase.h(66): error C2061: error de sintaxis : identificador 'ULONG_PTR' [C:\hlocal\Proyecto3\ProyectoBasico\Dependencies\Ogre\Build\ZZIPlib-master\CMakeFiles\CMakeTmp\cmTC_00e93.vcxproj]
  C:\Program Files (x86)\Windows Kits\8.1\Include\um\minwinbase.h(67): error C2061: error de sintaxis : identificador 'lpOverlapped' [C:\hlocal\Proyecto3\ProyectoBasico\Dependencies\Ogre\Build\ZZIPlib-master\CMakeFiles\CMakeTmp\cmTC_00e93.vcxproj]
  C:\Program Files (x86)\Windows Kits\8.1\Include\um\minwinbase.h(67): error C2059: error de sintaxis : ';' [C:\hlocal\Proyecto3\ProyectoBasico\Dependencies\Ogre\Build\ZZIPlib-master\CMakeFiles\CMakeTmp\cmTC_00e93.vcxproj]
  C:\Program Files (x86)\Windows Kits\8.1\Include\um\minwinbase.h(68): error C2061: error de sintaxis : identificador 'Internal' [C:\hlocal\Proyecto3\ProyectoBasico\Dependencies\Ogre\Build\ZZIPlib-master\CMakeFiles\CMakeTmp\cmTC_00e93.vcxproj]
  C:\Program Files (x86)\Windows Kits\8.1\Include\um\minwinbase.h(68): error C2059: error de sintaxis : ';' [C:\hlocal\Proyecto3\ProyectoBasico\Dependencies\Ogre\Build\ZZIPlib-master\CMakeFiles\CMakeTmp\cmTC_00e93.vcxproj]
  C:\Program Files (x86)\Windows Kits\8.1\Include\um\minwinbase.h(69): error C2061: error de sintaxis : identificador 'dwNumberOfBytesTransferred' [C:\hlocal\Proyecto3\ProyectoBasico\Dependencies\Ogre\Build\ZZIPlib-master\CMakeFiles\CMakeTmp\cmTC_00e93.vcxproj]
  C:\Program Files (x86)\Windows Kits\8.1\Include\um\minwinbase.h(69): error C2059: error de sintaxis : ';' [C:\hlocal\Proyecto3\ProyectoBasico\Dependencies\Ogre\Build\ZZIPlib-master\CMakeFiles\CMakeTmp\cmTC_00e93.vcxproj]
  C:\Program Files (x86)\Windows Kits\8.1\Include\um\minwinbase.h(70): error C2059: error de sintaxis : '}' [C:\hlocal\Proyecto3\ProyectoBasico\Dependencies\Ogre\Build\ZZIPlib-master\CMakeFiles\CMakeTmp\cmTC_00e93.vcxproj]
  C:\Program Files (x86)\Windows Kits\8.1\Include\um\minwinbase.h(80): error C2016: C requiere que un elemento struct o union tenga al menos un miembro [C:\hlocal\Proyecto3\ProyectoBasico\Dependencies\Ogre\Build\ZZIPlib-master\CMakeFiles\CMakeTmp\cmTC_00e93.vcxproj]
  C:\Program Files (x86)\Windows Kits\8.1\Include\um\minwinbase.h(80): error C2061: error de sintaxis : identificador 'DWORD' [C:\hlocal\Proyecto3\ProyectoBasico\Dependencies\Ogre\Build\ZZIPlib-master\CMakeFiles\CMakeTmp\cmTC_00e93.vcxproj]
  C:\Program Files (x86)\Windows Kits\8.1\Include\um\minwinbase.h(81): error C2061: error de sintaxis : identificador 'dwHighDateTime' [C:\hlocal\Proyecto3\ProyectoBasico\Dependencies\Ogre\Build\ZZIPlib-master\CMakeFiles\CMakeTmp\cmTC_00e93.vcxproj]
  C:\Program Files (x86)\Windows Kits\8.1\Include\um\minwinbase.h(81): error C2059: error de sintaxis : ';' [C:\hlocal\Proyecto3\ProyectoBasico\Dependencies\Ogre\Build\ZZIPlib-master\CMakeFiles\CMakeTmp\cmTC_00e93.vcxproj]
  C:\Program Files (x86)\Windows Kits\8.1\Include\um\minwinbase.h(82): error C2059: error de sintaxis : '}' [C:\hlocal\Proyecto3\ProyectoBasico\Dependencies\Ogre\Build\ZZIPlib-master\CMakeFiles\CMakeTmp\cmTC_00e93.vcxproj]
  C:\Program Files (x86)\Windows Kits\8.1\Include\um\minwinbase.h(90): error C2016: C requiere que un elemento struct o union tenga al menos un miembro [C:\hlocal\Proyecto3\ProyectoBasico\Dependencies\Ogre\Build\ZZIPlib-master\CMakeFiles\CMakeTmp\cmTC_00e93.vcxproj]
  C:\Program Files (x86)\Windows Kits\8.1\Include\um\minwinbase.h(90): error C2061: error de sintaxis : identificador 'WORD' [C:\hlocal\Proyecto3\ProyectoBasico\Dependencies\Ogre\Build\ZZIPlib-master\CMakeFiles\CMakeTmp\cmTC_00e93.vcxproj]
  C:\Program Files (x86)\Windows Kits\8.1\Include\um\minwinbase.h(91): error C2061: error de sintaxis : identificador 'wMonth' [C:\hlocal\Proyecto3\ProyectoBasico\Dependencies\Ogre\Build\ZZIPlib-master\CMakeFiles\CMakeTmp\cmTC_00e93.vcxproj]
  C:\Program Files (x86)\Windows Kits\8.1\Include\um\minwinbase.h(91): error C2059: error de sintaxis : ';' [C:\hlocal\Proyecto3\ProyectoBasico\Dependencies\Ogre\Build\ZZIPlib-master\CMakeFiles\CMakeTmp\cmTC_00e93.vcxproj]
  C:\Program Files (x86)\Windows Kits\8.1\Include\um\minwinbase.h(92): error C2061: error de sintaxis : identificador 'wDayOfWeek' [C:\hlocal\Proyecto3\ProyectoBasico\Dependencies\Ogre\Build\ZZIPlib-master\CMakeFiles\CMakeTmp\cmTC_00e93.vcxproj]
  C:\Program Files (x86)\Windows Kits\8.1\Include\um\minwinbase.h(92): error C2059: error de sintaxis : ';' [C:\hlocal\Proyecto3\ProyectoBasico\Dependencies\Ogre\Build\ZZIPlib-master\CMakeFiles\CMakeTmp\cmTC_00e93.vcxproj]
  C:\Program Files (x86)\Windows Kits\8.1\Include\um\minwinbase.h(93): error C2061: error de sintaxis : identificador 'wDay' [C:\hlocal\Proyecto3\ProyectoBasico\Dependencies\Ogre\Build\ZZIPlib-master\CMakeFiles\CMakeTmp\cmTC_00e93.vcxproj]
  C:\Program Files (x86)\Windows Kits\8.1\Include\um\minwinbase.h(93): error C2059: error de sintaxis : ';' [C:\hlocal\Proyecto3\ProyectoBasico\Dependencies\Ogre\Build\ZZIPlib-master\CMakeFiles\CMakeTmp\cmTC_00e93.vcxproj]
  C:\Program Files (x86)\Windows Kits\8.1\Include\um\minwinbase.h(94): error C2061: error de sintaxis : identificador 'wHour' [C:\hlocal\Proyecto3\ProyectoBasico\Dependencies\Ogre\Build\ZZIPlib-master\CMakeFiles\CMakeTmp\cmTC_00e93.vcxproj]
  C:\Program Files (x86)\Windows Kits\8.1\Include\um\minwinbase.h(94): error C2059: error de sintaxis : ';' [C:\hlocal\Proyecto3\ProyectoBasico\Dependencies\Ogre\Build\ZZIPlib-master\CMakeFiles\CMakeTmp\cmTC_00e93.vcxproj]
  C:\Program Files (x86)\Windows Kits\8.1\Include\um\minwinbase.h(95): error C2061: error de sintaxis : identificador 'wMinute' [C:\hlocal\Proyecto3\ProyectoBasico\Dependencies\Ogre\Build\ZZIPlib-master\CMakeFiles\CMakeTmp\cmTC_00e93.vcxproj]
  C:\Program Files (x86)\Windows Kits\8.1\Include\um\minwinbase.h(95): error C2059: error de sintaxis : ';' [C:\hlocal\Proyecto3\ProyectoBasico\Dependencies\Ogre\Build\ZZIPlib-master\CMakeFiles\CMakeTmp\cmTC_00e93.vcxproj]
  C:\Program Files (x86)\Windows Kits\8.1\Include\um\minwinbase.h(96): error C2061: error de sintaxis : identificador 'wSecond' [C:\hlocal\Proyecto3\ProyectoBasico\Dependencies\Ogre\Build\ZZIPlib-master\CMakeFiles\CMakeTmp\cmTC_00e93.vcxproj]
  C:\Program Files (x86)\Windows Kits\8.1\Include\um\minwinbase.h(96): error C2059: error de sintaxis : ';' [C:\hlocal\Proyecto3\ProyectoBasico\Dependencies\Ogre\Build\ZZIPlib-master\CMakeFiles\CMakeTmp\cmTC_00e93.vcxproj]
  C:\Program Files (x86)\Windows Kits\8.1\Include\um\minwinbase.h(97): error C2061: error de sintaxis : identificador 'wMilliseconds' [C:\hlocal\Proyecto3\ProyectoBasico\Dependencies\Ogre\Build\ZZIPlib-master\CMakeFiles\CMakeTmp\cmTC_00e93.vcxproj]
  C:\Program Files (x86)\Windows Kits\8.1\Include\um\minwinbase.h(97): error C2059: error de sintaxis : ';' [C:\hlocal\Proyecto3\ProyectoBasico\Dependencies\Ogre\Build\ZZIPlib-master\CMakeFiles\CMakeTmp\cmTC_00e93.vcxproj]
  C:\Program Files (x86)\Windows Kits\8.1\Include\um\minwinbase.h(98): error C2059: error de sintaxis : '}' [C:\hlocal\Proyecto3\ProyectoBasico\Dependencies\Ogre\Build\ZZIPlib-master\CMakeFiles\CMakeTmp\cmTC_00e93.vcxproj]
  C:\Program Files (x86)\Windows Kits\8.1\Include\um\minwinbase.h(102): error C2016: C requiere que un elemento struct o union tenga al menos un miembro [C:\hlocal\Proyecto3\ProyectoBasico\Dependencies\Ogre\Build\ZZIPlib-master\CMakeFiles\CMakeTmp\cmTC_00e93.vcxproj]
  C:\Program Files (x86)\Windows Kits\8.1\Include\um\minwinbase.h(102): error C2061: error de sintaxis : identificador 'DWORD' [C:\hlocal\Proyecto3\ProyectoBasico\Dependencies\Ogre\Build\ZZIPlib-master\CMakeFiles\CMakeTmp\cmTC_00e93.vcxproj]
  C:\Program Files (x86)\Windows Kits\8.1\Include\um\minwinbase.h(103): error C2061: error de sintaxis : identificador 'ftCreationTime' [C:\hlocal\Proyecto3\ProyectoBasico\Dependencies\Ogre\Build\ZZIPlib-master\CMakeFiles\CMakeTmp\cmTC_00e93.vcxproj]
  C:\Program Files (x86)\Windows Kits\8.1\Include\um\minwinbase.h(103): error C2059: error de sintaxis : ';' [C:\hlocal\Proyecto3\ProyectoBasico\Dependencies\Ogre\Build\ZZIPlib-master\CMakeFiles\CMakeTmp\cmTC_00e93.vcxproj]
  C:\Program Files (x86)\Windows Kits\8.1\Include\um\minwinbase.h(104): error C2061: error de sintaxis : identificador 'ftLastAccessTime' [C:\hlocal\Proyecto3\ProyectoBasico\Dependencies\Ogre\Build\ZZIPlib-master\CMakeFiles\CMakeTmp\cmTC_00e93.vcxproj]
  C:\Program Files (x86)\Windows Kits\8.1\Include\um\minwinbase.h(104): error C2059: error de sintaxis : ';' [C:\hlocal\Proyecto3\ProyectoBasico\Dependencies\Ogre\Build\ZZIPlib-master\CMakeFiles\CMakeTmp\cmTC_00e93.vcxproj]
  C:\Program Files (x86)\Windows Kits\8.1\Include\um\minwinbase.h(105): error C2061: error de sintaxis : identificador 'ftLastWriteTime' [C:\hlocal\Proyecto3\ProyectoBasico\Dependencies\Ogre\Build\ZZIPlib-master\CMakeFiles\CMakeTmp\cmTC_00e93.vcxproj]
  C:\Program Files (x86)\Windows Kits\8.1\Include\um\minwinbase.h(105): error C2059: error de sintaxis : ';' [C:\hlocal\Proyecto3\ProyectoBasico\Dependencies\Ogre\Build\ZZIPlib-master\CMakeFiles\CMakeTmp\cmTC_00e93.vcxproj]
  C:\Program Files (x86)\Windows Kits\8.1\Include\um\minwinbase.h(106): error C2061: error de sintaxis : identificador 'nFileSizeHigh' [C:\hlocal\Proyecto3\ProyectoBasico\Dependencies\Ogre\Build\ZZIPlib-master\CMakeFiles\CMakeTmp\cmTC_00e93.vcxproj]
  C:\Program Files (x86)\Windows Kits\8.1\Include\um\minwinbase.h(106): error C2059: error de sintaxis : ';' [C:\hlocal\Proyecto3\ProyectoBasico\Dependencies\Ogre\Build\ZZIPlib-master\CMakeFiles\CMakeTmp\cmTC_00e93.vcxproj]
  C:\Program Files (x86)\Windows Kits\8.1\Include\um\minwinbase.h(107): error C2061: error de sintaxis : identificador 'nFileSizeLow' [C:\hlocal\Proyecto3\ProyectoBasico\Dependencies\Ogre\Build\ZZIPlib-master\CMakeFiles\CMakeTmp\cmTC_00e93.vcxproj]
  C:\Program Files (x86)\Windows Kits\8.1\Include\um\minwinbase.h(107): error C2059: error de sintaxis : ';' [C:\hlocal\Proyecto3\ProyectoBasico\Dependencies\Ogre\Build\ZZIPlib-master\CMakeFiles\CMakeTmp\cmTC_00e93.vcxproj]
  C:\Program Files (x86)\Windows Kits\8.1\Include\um\minwinbase.h(108): error C2061: error de sintaxis : identificador 'dwReserved0' [C:\hlocal\Proyecto3\ProyectoBasico\Dependencies\Ogre\Build\ZZIPlib-master\CMakeFiles\CMakeTmp\cmTC_00e93.vcxproj]
  C:\Program Files (x86)\Windows Kits\8.1\Include\um\minwinbase.h(108): error C2059: error de sintaxis : ';' [C:\hlocal\Proyecto3\ProyectoBasico\Dependencies\Ogre\Build\ZZIPlib-master\CMakeFiles\CMakeTmp\cmTC_00e93.vcxproj]
  C:\Program Files (x86)\Windows Kits\8.1\Include\um\minwinbase.h(109): error C2061: error de sintaxis : identificador 'dwReserved1' [C:\hlocal\Proyecto3\ProyectoBasico\Dependencies\Ogre\Build\ZZIPlib-master\CMakeFiles\CMakeTmp\cmTC_00e93.vcxproj]
  C:\Program Files (x86)\Windows Kits\8.1\Include\um\minwinbase.h(109): error C2059: error de sintaxis : ';' [C:\hlocal\Proyecto3\ProyectoBasico\Dependencies\Ogre\Build\ZZIPlib-master\CMakeFiles\CMakeTmp\cmTC_00e93.vcxproj]
  C:\Program Files (x86)\Windows Kits\8.1\Include\um\minwinbase.h(110): error C2061: error de sintaxis : identificador 'CHAR' [C:\hlocal\Proyecto3\ProyectoBasico\Dependencies\Ogre\Build\ZZIPlib-master\CMakeFiles\CMakeTmp\cmTC_00e93.vcxproj]
  C:\Program Files (x86)\Windows Kits\8.1\Include\um\minwinbase.h(110): error C2059: error de sintaxis : ';' [C:\hlocal\Proyecto3\ProyectoBasico\Dependencies\Ogre\Build\ZZIPlib-master\CMakeFiles\CMakeTmp\cmTC_00e93.vcxproj]
  C:\Program Files (x86)\Windows Kits\8.1\Include\um\minwinbase.h(110): error C2065: 'MAX_PATH' : identificador no declarado [C:\hlocal\Proyecto3\ProyectoBasico\Dependencies\Ogre\Build\ZZIPlib-master\CMakeFiles\CMakeTmp\cmTC_00e93.vcxproj]
  C:\Program Files (x86)\Windows Kits\8.1\Include\um\minwinbase.h(110): error C2057: se esperaba una expresión constante [C:\hlocal\Proyecto3\ProyectoBasico\Dependencies\Ogre\Build\ZZIPlib-master\CMakeFiles\CMakeTmp\cmTC_00e93.vcxproj]
  C:\Program Files (x86)\Windows Kits\8.1\Include\um\minwinbase.h(110): error C2133: 'cFileName' : tamaño desconocido [C:\hlocal\Proyecto3\ProyectoBasico\Dependencies\Ogre\Build\ZZIPlib-master\CMakeFiles\CMakeTmp\cmTC_00e93.vcxproj]
  C:\Program Files (x86)\Windows Kits\8.1\Include\um\minwinbase.h(111): error C2061: error de sintaxis : identificador 'CHAR' [C:\hlocal\Proyecto3\ProyectoBasico\Dependencies\Ogre\Build\ZZIPlib-master\CMakeFiles\CMakeTmp\cmTC_00e93.vcxproj]
  C:\Program Files (x86)\Windows Kits\8.1\Include\um\minwinbase.h(111): error C2059: error de sintaxis : ';' [C:\hlocal\Proyecto3\ProyectoBasico\Dependencies\Ogre\Build\ZZIPlib-master\CMakeFiles\CMakeTmp\cmTC_00e93.vcxproj]
  C:\Program Files (x86)\Windows Kits\8.1\Include\um\minwinbase.h(117): error C2059: error de sintaxis : '}' [C:\hlocal\Proyecto3\ProyectoBasico\Dependencies\Ogre\Build\ZZIPlib-master\CMakeFiles\CMakeTmp\cmTC_00e93.vcxproj]
  C:\Program Files (x86)\Windows Kits\8.1\Include\um\minwinbase.h(119): error C2016: C requiere que un elemento struct o union tenga al menos un miembro [C:\hlocal\Proyecto3\ProyectoBasico\Dependencies\Ogre\Build\ZZIPlib-master\CMakeFiles\CMakeTmp\cmTC_00e93.vcxproj]
  C:\Program Files (x86)\Windows Kits\8.1\Include\um\minwinbase.h(119): error C2061: error de sintaxis : identificador 'DWORD' [C:\hlocal\Proyecto3\ProyectoBasico\Dependencies\Ogre\Build\ZZIPlib-master\CMakeFiles\CMakeTmp\cmTC_00e93.vcxproj]
  C:\Program Files (x86)\Windows Kits\8.1\Include\um\minwinbase.h(120): error C2061: error de sintaxis : identificador 'ftCreationTime' [C:\hlocal\Proyecto3\ProyectoBasico\Dependencies\Ogre\Build\ZZIPlib-master\CMakeFiles\CMakeTmp\cmTC_00e93.vcxproj]
  C:\Program Files (x86)\Windows Kits\8.1\Include\um\minwinbase.h(120): error C2059: error de sintaxis : ';' [C:\hlocal\Proyecto3\ProyectoBasico\Dependencies\Ogre\Build\ZZIPlib-master\CMakeFiles\CMakeTmp\cmTC_00e93.vcxproj]
  C:\Program Files (x86)\Windows Kits\8.1\Include\um\minwinbase.h(121): error C2061: error de sintaxis : identificador 'ftLastAccessTime' [C:\hlocal\Proyecto3\ProyectoBasico\Dependencies\Ogre\Build\ZZIPlib-master\CMakeFiles\CMakeTmp\cmTC_00e93.vcxproj]
  C:\Program Files (x86)\Windows Kits\8.1\Include\um\minwinbase.h(121): error C2059: error de sintaxis : ';' [C:\hlocal\Proyecto3\ProyectoBasico\Dependencies\Ogre\Build\ZZIPlib-master\CMakeFiles\CMakeTmp\cmTC_00e93.vcxproj]
  C:\Program Files (x86)\Windows Kits\8.1\Include\um\minwinbase.h(122): error C2061: error de sintaxis : identificador 'ftLastWriteTime' [C:\hlocal\Proyecto3\ProyectoBasico\Dependencies\Ogre\Build\ZZIPlib-master\CMakeFiles\CMakeTmp\cmTC_00e93.vcxproj]
  C:\Program Files (x86)\Windows Kits\8.1\Include\um\minwinbase.h(122): error C2059: error de sintaxis : ';' [C:\hlocal\Proyecto3\ProyectoBasico\Dependencies\Ogre\Build\ZZIPlib-master\CMakeFiles\CMakeTmp\cmTC_00e93.vcxproj]
  C:\Program Files (x86)\Windows Kits\8.1\Include\um\minwinbase.h(123): error C2061: error de sintaxis : identificador 'nFileSizeHigh' [C:\hlocal\Proyecto3\ProyectoBasico\Dependencies\Ogre\Build\ZZIPlib-master\CMakeFiles\CMakeTmp\cmTC_00e93.vcxproj]
  C:\Program Files (x86)\Windows Kits\8.1\Include\um\minwinbase.h(123): error C2059: error de sintaxis : ';' [C:\hlocal\Proyecto3\ProyectoBasico\Dependencies\Ogre\Build\ZZIPlib-master\CMakeFiles\CMakeTmp\cmTC_00e93.vcxproj]
  C:\Program Files (x86)\Windows Kits\8.1\Include\um\minwinbase.h(124): error C2061: error de sintaxis : identificador 'nFileSizeLow' [C:\hlocal\Proyecto3\ProyectoBasico\Dependencies\Ogre\Build\ZZIPlib-master\CMakeFiles\CMakeTmp\cmTC_00e93.vcxproj]
  C:\Program Files (x86)\Windows Kits\8.1\Include\um\minwinbase.h(124): error C2059: error de sintaxis : ';' [C:\hlocal\Proyecto3\ProyectoBasico\Dependencies\Ogre\Build\ZZIPlib-master\CMakeFiles\CMakeTmp\cmTC_00e93.vcxproj]
  C:\Program Files (x86)\Windows Kits\8.1\Include\um\minwinbase.h(125): error C2061: error de sintaxis : identificador 'dwReserved0' [C:\hlocal\Proyecto3\ProyectoBasico\Dependencies\Ogre\Build\ZZIPlib-master\CMakeFiles\CMakeTmp\cmTC_00e93.vcxproj]
  C:\Program Files (x86)\Windows Kits\8.1\Include\um\minwinbase.h(125): error C2059: error de sintaxis : ';' [C:\hlocal\Proyecto3\ProyectoBasico\Dependencies\Ogre\Build\ZZIPlib-master\CMakeFiles\CMakeTmp\cmTC_00e93.vcxproj]
  C:\Program Files (x86)\Windows Kits\8.1\Include\um\minwinbase.h(126): error C2061: error de sintaxis : identificador 'dwReserved1' [C:\hlocal\Proyecto3\ProyectoBasico\Dependencies\Ogre\Build\ZZIPlib-master\CMakeFiles\CMakeTmp\cmTC_00e93.vcxproj]
  C:\Program Files (x86)\Windows Kits\8.1\Include\um\minwinbase.h(126): error C2059: error de sintaxis : ';' [C:\hlocal\Proyecto3\ProyectoBasico\Dependencies\Ogre\Build\ZZIPlib-master\CMakeFiles\CMakeTmp\cmTC_00e93.vcxproj]
  C:\Program Files (x86)\Windows Kits\8.1\Include\um\minwinbase.h(127): error C2061: error de sintaxis : identificador 'WCHAR' [C:\hlocal\Proyecto3\ProyectoBasico\Dependencies\Ogre\Build\ZZIPlib-master\CMakeFiles\CMakeTmp\cmTC_00e93.vcxproj]
  C:\Program Files (x86)\Windows Kits\8.1\Include\um\minwinbase.h(127): error C2059: error de sintaxis : ';' [C:\hlocal\Proyecto3\ProyectoBasico\Dependencies\Ogre\Build\ZZIPlib-master\CMakeFiles\CMakeTmp\cmTC_00e93.vcxproj]
  C:\Program Files (x86)\Windows Kits\8.1\Include\um\minwinbase.h(127): error C2065: 'MAX_PATH' : identificador no declarado [C:\hlocal\Proyecto3\ProyectoBasico\Dependencies\Ogre\Build\ZZIPlib-master\CMakeFiles\CMakeTmp\cmTC_00e93.vcxproj]
  C:\Program Files (x86)\Windows Kits\8.1\Include\um\minwinbase.h(127): error C2057: se esperaba una expresión constante [C:\hlocal\Proyecto3\ProyectoBasico\Dependencies\Ogre\Build\ZZIPlib-master\CMakeFiles\CMakeTmp\cmTC_00e93.vcxproj]
  C:\Program Files (x86)\Windows Kits\8.1\Include\um\minwinbase.h(127): error C2133: 'cFileName' : tamaño desconocido [C:\hlocal\Proyecto3\ProyectoBasico\Dependencies\Ogre\Build\ZZIPlib-master\CMakeFiles\CMakeTmp\cmTC_00e93.vcxproj]
  C:\Program Files (x86)\Windows Kits\8.1\Include\um\minwinbase.h(128): error C2061: error de sintaxis : identificador 'WCHAR' [C:\hlocal\Proyecto3\ProyectoBasico\Dependencies\Ogre\Build\ZZIPlib-master\CMakeFiles\CMakeTmp\cmTC_00e93.vcxproj]
  C:\Program Files (x86)\Windows Kits\8.1\Include\um\minwinbase.h(128): error C2059: error de sintaxis : ';' [C:\hlocal\Proyecto3\ProyectoBasico\Dependencies\Ogre\Build\ZZIPlib-master\CMakeFiles\CMakeTmp\cmTC_00e93.vcxproj]
  C:\Program Files (x86)\Windows Kits\8.1\Include\um\minwinbase.h(134): error C2059: error de sintaxis : '}' [C:\hlocal\Proyecto3\ProyectoBasico\Dependencies\Ogre\Build\ZZIPlib-master\CMakeFiles\CMakeTmp\cmTC_00e93.vcxproj]
  C:\Program Files (x86)\Windows Kits\8.1\Include\um\minwinbase.h(134): fatal error C1003: el recuento de errores supera 100; se detiene la compilación [C:\hlocal\Proyecto3\ProyectoBasico\Dependencies\Ogre\Build\ZZIPlib-master\CMakeFiles\CMakeTmp\cmTC_00e93.vcxproj]

    0 Advertencia(s)
    102 Errores

Tiempo transcurrido 00:00:00.67

Source:
/* */
#include <winbase.h>


int main(void){return 0;}

Determining if files winnt.h exist failed with the following output:
Change Dir: C:/hlocal/Proyecto3/ProyectoBasico/Dependencies/Ogre/Build/ZZIPlib-master/CMakeFiles/CMakeTmp

Run Build Command:"C:/Program Files (x86)/MSBuild/12.0/bin/MSBuild.exe" "cmTC_5fa09.vcxproj" "/p:Configuration=Debug" "/p:VisualStudioVersion=12.0"
Microsoft (R) Build Engine, versión 12.0.40629.0
[Microsoft .NET Framework, versión 4.0.30319.42000]
Copyright (C) Microsoft Corporation. Todos los derechos reservados.

Compilación iniciada a las 21/02/2018 17:20:18.
Proyecto "C:\hlocal\Proyecto3\ProyectoBasico\Dependencies\Ogre\Build\ZZIPlib-master\CMakeFiles\CMakeTmp\cmTC_5fa09.vcxproj" en nodo 1 (destinos predeterminados).
PrepareForBuild:
  Creando directorio "cmTC_5fa09.dir\Debug\".
  Creando directorio "C:\hlocal\Proyecto3\ProyectoBasico\Dependencies\Ogre\Build\ZZIPlib-master\CMakeFiles\CMakeTmp\Debug\".
  Creando directorio "cmTC_5fa09.dir\Debug\cmTC_5fa09.tlog\".
InitializeBuildStatus:
  Se creará "cmTC_5fa09.dir\Debug\cmTC_5fa09.tlog\unsuccessfulbuild" porque se especificó "AlwaysCreate".
ClCompile:
  C:\software\programacion\MSVStudio2013\VC\bin\CL.exe /c /Zi /W3 /WX- /Od /Ob0 /Oy- /D WIN32 /D _WINDOWS /D "CMAKE_INTDIR=\"Debug\"" /D _MBCS /Gm- /RTC1 /MDd /GS /fp:precise /Zc:wchar_t /Zc:forScope /Fo"cmTC_5fa09.dir\Debug\\" /Fd"cmTC_5fa09.dir\Debug\vc120.pdb" /Gd /TC /analyze- /errorReport:queue "C:\hlocal\Proyecto3\ProyectoBasico\Dependencies\Ogre\Build\ZZIPlib-master\CMakeFiles\CMakeTmp\CheckIncludeFiles.c"
  Compilador de optimización de C/C++ de Microsoft (R) versión 18.00.40629 para x86
  (C) Microsoft Corporation. Reservados todos los derechos.
  
  cl /c /Zi /W3 /WX- /Od /Ob0 /Oy- /D WIN32 /D _WINDOWS /D "CMAKE_INTDIR=\"Debug\"" /D _MBCS /Gm- /RTC1 /MDd /GS /fp:precise /Zc:wchar_t /Zc:forScope /Fo"cmTC_5fa09.dir\Debug\\" /Fd"cmTC_5fa09.dir\Debug\vc120.pdb" /Gd /TC /analyze- /errorReport:queue "C:\hlocal\Proyecto3\ProyectoBasico\Dependencies\Ogre\Build\ZZIPlib-master\CMakeFiles\CMakeTmp\CheckIncludeFiles.c"
  CheckIncludeFiles.c
  
C:\Program Files (x86)\Windows Kits\8.1\Include\um\winnt.h(147): fatal error C1189: #error :  "No Target Architecture" [C:\hlocal\Proyecto3\ProyectoBasico\Dependencies\Ogre\Build\ZZIPlib-master\CMakeFiles\CMakeTmp\cmTC_5fa09.vcxproj]
Compilación del proyecto terminada "C:\hlocal\Proyecto3\ProyectoBasico\Dependencies\Ogre\Build\ZZIPlib-master\CMakeFiles\CMakeTmp\cmTC_5fa09.vcxproj" (destinos predeterminados) -- ERROR.

ERROR al compilar.

"C:\hlocal\Proyecto3\ProyectoBasico\Dependencies\Ogre\Build\ZZIPlib-master\CMakeFiles\CMakeTmp\cmTC_5fa09.vcxproj" (destino predeterminado) (1) ->
(ClCompile destino) -> 
  C:\Program Files (x86)\Windows Kits\8.1\Include\um\winnt.h(147): fatal error C1189: #error :  "No Target Architecture" [C:\hlocal\Proyecto3\ProyectoBasico\Dependencies\Ogre\Build\ZZIPlib-master\CMakeFiles\CMakeTmp\cmTC_5fa09.vcxproj]

    0 Advertencia(s)
    1 Errores

Tiempo transcurrido 00:00:00.64

Source:
/* */
#include <winnt.h>


int main(void){return 0;}

