Performing C++ SOURCE FILE Test COMPILER_HAS_DEPRECATED_ATTR failed with the following output:
Change Dir: C:/hlocal/Proyecto3/ProyectoBasico/Dependencies/Ogre/Build/CMakeFiles/CMakeTmp

Run Build Command:"C:/Program Files (x86)/MSBuild/12.0/bin/MSBuild.exe" "cmTC_27f5c.vcxproj" "/p:Configuration=Debug" "/p:VisualStudioVersion=12.0"
Microsoft (R) Build Engine, versi¢n 12.0.40629.0
[Microsoft .NET Framework, versi¢n 4.0.30319.42000]
Copyright (C) Microsoft Corporation. Todos los derechos reservados.

Compilaci¢n iniciada a las 21/02/2018 17:18:53.
Proyecto "C:\hlocal\Proyecto3\ProyectoBasico\Dependencies\Ogre\Build\CMakeFiles\CMakeTmp\cmTC_27f5c.vcxproj" en nodo 1 (destinos predeterminados).
PrepareForBuild:
  Creando directorio "cmTC_27f5c.dir\Debug\".
  Creando directorio "C:\hlocal\Proyecto3\ProyectoBasico\Dependencies\Ogre\Build\CMakeFiles\CMakeTmp\Debug\".
  Creando directorio "cmTC_27f5c.dir\Debug\cmTC_27f5c.tlog\".
InitializeBuildStatus:
  Se crear  "cmTC_27f5c.dir\Debug\cmTC_27f5c.tlog\unsuccessfulbuild" porque se especific¢ "AlwaysCreate".
ClCompile:
  C:\software\programacion\MSVStudio2013\VC\bin\CL.exe /c /Zi /W3 /WX- /MP /Od /Ob0 /Oy- /D WIN32 /D _WINDOWS /D COMPILER_HAS_DEPRECATED_ATTR /D "CMAKE_INTDIR=\"Debug\"" /D _MBCS /Gm- /EHsc /RTC1 /MDd /GS /fp:fast /Zc:wchar_t /Zc:forScope /GR /Fo"cmTC_27f5c.dir\Debug\\" /Fd"cmTC_27f5c.dir\Debug\vc120.pdb" /Gd /TP /analyze- /errorReport:queue  /Zm256 C:\hlocal\Proyecto3\ProyectoBasico\Dependencies\Ogre\Build\CMakeFiles\CMakeTmp\src.cxx
  Compilador de optimizaci¢n de C/C++ de Microsoft (R) versi¢n 18.00.40629 para x86
  (C) Microsoft Corporation. Reservados todos los derechos.
  
  cl /c /Zi /W3 /WX- /MP /Od /Ob0 /Oy- /D WIN32 /D _WINDOWS /D COMPILER_HAS_DEPRECATED_ATTR /D "CMAKE_INTDIR=\"Debug\"" /D _MBCS /Gm- /EHsc /RTC1 /MDd /GS /fp:fast /Zc:wchar_t /Zc:forScope /GR /Fo"cmTC_27f5c.dir\Debug\\" /Fd"cmTC_27f5c.dir\Debug\vc120.pdb" /Gd /TP /analyze- /errorReport:queue  /Zm256 C:\hlocal\Proyecto3\ProyectoBasico\Dependencies\Ogre\Build\CMakeFiles\CMakeTmp\src.cxx
  
  src.cxx
C:\hlocal\Proyecto3\ProyectoBasico\Dependencies\Ogre\Build\CMakeFiles\CMakeTmp\src.cxx(1): error C2065: '__deprecated__' : identificador no declarado [C:\hlocal\Proyecto3\ProyectoBasico\Dependencies\Ogre\Build\CMakeFiles\CMakeTmp\cmTC_27f5c.vcxproj]
C:\hlocal\Proyecto3\ProyectoBasico\Dependencies\Ogre\Build\CMakeFiles\CMakeTmp\src.cxx(1): error C2448: '__attribute__' : el inicializador de estilo de funci¢n parece ser una definici¢n de funci¢n [C:\hlocal\Proyecto3\ProyectoBasico\Dependencies\Ogre\Build\CMakeFiles\CMakeTmp\cmTC_27f5c.vcxproj]
Compilaci¢n del proyecto terminada "C:\hlocal\Proyecto3\ProyectoBasico\Dependencies\Ogre\Build\CMakeFiles\CMakeTmp\cmTC_27f5c.vcxproj" (destinos predeterminados) -- ERROR.

ERROR al compilar.

"C:\hlocal\Proyecto3\ProyectoBasico\Dependencies\Ogre\Build\CMakeFiles\CMakeTmp\cmTC_27f5c.vcxproj" (destino predeterminado) (1) ->
(ClCompile destino) -> 
  C:\hlocal\Proyecto3\ProyectoBasico\Dependencies\Ogre\Build\CMakeFiles\CMakeTmp\src.cxx(1): error C2065: '__deprecated__' : identificador no declarado [C:\hlocal\Proyecto3\ProyectoBasico\Dependencies\Ogre\Build\CMakeFiles\CMakeTmp\cmTC_27f5c.vcxproj]
  C:\hlocal\Proyecto3\ProyectoBasico\Dependencies\Ogre\Build\CMakeFiles\CMakeTmp\src.cxx(1): error C2448: '__attribute__' : el inicializador de estilo de funci¢n parece ser una definici¢n de funci¢n [C:\hlocal\Proyecto3\ProyectoBasico\Dependencies\Ogre\Build\CMakeFiles\CMakeTmp\cmTC_27f5c.vcxproj]

    0 Advertencia(s)
    2 Errores

Tiempo transcurrido 00:00:01.01

Source file was:
__attribute__((__deprecated__)) int somefunc() { return 0; }
    int main() { return somefunc();}
Determining if the include file pthread.h exists failed with the following output:
Change Dir: C:/hlocal/Proyecto3/ProyectoBasico/Dependencies/Ogre/Build/CMakeFiles/CMakeTmp

Run Build Command:"C:/Program Files (x86)/MSBuild/12.0/bin/MSBuild.exe" "cmTC_13e1b.vcxproj" "/p:Configuration=Debug" "/p:VisualStudioVersion=12.0"
Microsoft (R) Build Engine, versi¢n 12.0.40629.0
[Microsoft .NET Framework, versi¢n 4.0.30319.42000]
Copyright (C) Microsoft Corporation. Todos los derechos reservados.

Compilaci¢n iniciada a las 21/02/2018 17:22:28.
Proyecto "C:\hlocal\Proyecto3\ProyectoBasico\Dependencies\Ogre\Build\CMakeFiles\CMakeTmp\cmTC_13e1b.vcxproj" en nodo 1 (destinos predeterminados).
PrepareForBuild:
  Creando directorio "cmTC_13e1b.dir\Debug\".
  Creando directorio "C:\hlocal\Proyecto3\ProyectoBasico\Dependencies\Ogre\Build\CMakeFiles\CMakeTmp\Debug\".
  Creando directorio "cmTC_13e1b.dir\Debug\cmTC_13e1b.tlog\".
InitializeBuildStatus:
  Se crear  "cmTC_13e1b.dir\Debug\cmTC_13e1b.tlog\unsuccessfulbuild" porque se especific¢ "AlwaysCreate".
ClCompile:
  C:\software\programacion\MSVStudio2013\VC\bin\CL.exe /c /Zi /W3 /WX- /Od /Ob0 /Oy- /D WIN32 /D _WINDOWS /D "CMAKE_INTDIR=\"Debug\"" /D _MBCS /Gm- /RTC1 /MDd /GS /fp:precise /Zc:wchar_t /Zc:forScope /Fo"cmTC_13e1b.dir\Debug\\" /Fd"cmTC_13e1b.dir\Debug\vc120.pdb" /Gd /TC /analyze- /errorReport:queue C:\hlocal\Proyecto3\ProyectoBasico\Dependencies\Ogre\Build\CMakeFiles\CMakeTmp\CheckIncludeFile.c
  Compilador de optimizaci¢n de C/C++ de Microsoft (R) versi¢n 18.00.40629 para x86
  (C) Microsoft Corporation. Reservados todos los derechos.
  
  cl /c /Zi /W3 /WX- /Od /Ob0 /Oy- /D WIN32 /D _WINDOWS /D "CMAKE_INTDIR=\"Debug\"" /D _MBCS /Gm- /RTC1 /MDd /GS /fp:precise /Zc:wchar_t /Zc:forScope /Fo"cmTC_13e1b.dir\Debug\\" /Fd"cmTC_13e1b.dir\Debug\vc120.pdb" /Gd /TC /analyze- /errorReport:queue C:\hlocal\Proyecto3\ProyectoBasico\Dependencies\Ogre\Build\CMakeFiles\CMakeTmp\CheckIncludeFile.c
  
  CheckIncludeFile.c
C:\hlocal\Proyecto3\ProyectoBasico\Dependencies\Ogre\Build\CMakeFiles\CMakeTmp\CheckIncludeFile.c(1): fatal error C1083: No se puede abrir el archivo incluir: 'pthread.h': No such file or directory [C:\hlocal\Proyecto3\ProyectoBasico\Dependencies\Ogre\Build\CMakeFiles\CMakeTmp\cmTC_13e1b.vcxproj]
Compilaci¢n del proyecto terminada "C:\hlocal\Proyecto3\ProyectoBasico\Dependencies\Ogre\Build\CMakeFiles\CMakeTmp\cmTC_13e1b.vcxproj" (destinos predeterminados) -- ERROR.

ERROR al compilar.

"C:\hlocal\Proyecto3\ProyectoBasico\Dependencies\Ogre\Build\CMakeFiles\CMakeTmp\cmTC_13e1b.vcxproj" (destino predeterminado) (1) ->
(ClCompile destino) -> 
  C:\hlocal\Proyecto3\ProyectoBasico\Dependencies\Ogre\Build\CMakeFiles\CMakeTmp\CheckIncludeFile.c(1): fatal error C1083: No se puede abrir el archivo incluir: 'pthread.h': No such file or directory [C:\hlocal\Proyecto3\ProyectoBasico\Dependencies\Ogre\Build\CMakeFiles\CMakeTmp\cmTC_13e1b.vcxproj]

    0 Advertencia(s)
    1 Errores

Tiempo transcurrido 00:00:00.69


